<?xml version='1.0' encoding='UTF-8'?>
<testsuite hostname="fedora" name="chess.CoverageImprovementTest" tests="20" errors="0" failures="0" skipped="0" time="0.023" timestamp="2026-03-30T16:59:45">
          <properties>
[...]
</properties>
          <testcase classname="chess.CoverageImprovementTest" name="Board helpers and initial setup expose expected pieces" time="0.001">
                      
                    </testcase><testcase classname="chess.CoverageImprovementTest" name="Board put remove and movePiece cover replacement and missing-source cases" time="0.0">
                      
                    </testcase><testcase classname="chess.CoverageImprovementTest" name="Board fromFenPlacement parses valid mixed ranks" time="0.001">
                      
                    </testcase><testcase classname="chess.CoverageImprovementTest" name="Board fromFenPlacement parses fully populated and sparse rows" time="0.002">
                      
                    </testcase><testcase classname="chess.CoverageImprovementTest" name="Board toFenPlacement compresses leading middle and trailing empty squares" time="0.001">
                      
                    </testcase><testcase classname="chess.CoverageImprovementTest" name="GameState initial and parsing cover valid metadata branches" time="0.002">
                      
                    </testcase><testcase classname="chess.CoverageImprovementTest" name="GameState fromFen accepts black en-passant targets and preserves serialization" time="0.001">
                      
                    </testcase><testcase classname="chess.CoverageImprovementTest" name="GameState fromFen handles multiple valid metadata combinations" time="0.0">
                      
                    </testcase><testcase classname="chess.CoverageImprovementTest" name="CastlingRights helpers toggle individual flags" time="0.0">
                      
                    </testcase><testcase classname="chess.CoverageImprovementTest" name="CastlingRights toFen covers each individual combination style" time="0.0">
                      
                    </testcase><testcase classname="chess.CoverageImprovementTest" name="GameRules computeStatus covers check" time="0.0">
                      
                    </testcase><testcase classname="chess.CoverageImprovementTest" name="GameRules applyMove handles castling and en-passant capture state updates" time="0.001">
                      
                    </testcase><testcase classname="chess.CoverageImprovementTest" name="GameRules applyMove updates black-side castling rights and corner captures" time="0.001">
                      
                    </testcase><testcase classname="chess.CoverageImprovementTest" name="CommandParser accepts remaining aliases and promotion pieces" time="0.0">
                      
                    </testcase><testcase classname="chess.CoverageImprovementTest" name="GameController exposes draw-offer and resign messaging for black to move" time="0.002">
                      
                    </testcase><testcase classname="chess.CoverageImprovementTest" name="GameController handleMove emits a check message" time="0.002">
                      
                    </testcase><testcase classname="chess.CoverageImprovementTest" name="MoveGenerator covers direct attacks and pinned-piece filtering" time="0.001">
                      
                    </testcase><testcase classname="chess.CoverageImprovementTest" name="MoveGenerator covers blocked sliders, black promotion and black castling" time="0.005">
                      
                    </testcase><testcase classname="chess.CoverageImprovementTest" name="MoveGenerator rejects castling when transit squares are occupied or attacked" time="0.001">
                      
                    </testcase><testcase classname="chess.CoverageImprovementTest" name="MoveGenerator rejects castling while in check and tolerates positions without own king" time="0.002">
                      
                    </testcase>
          <system-out><![CDATA[]]></system-out>
          <system-err><![CDATA[]]></system-err>
        </testsuite>