<?xml version='1.0' encoding='UTF-8'?>
<testsuite hostname="fedora" name="chesscoverage.CoverageRegressionTest" tests="21" errors="0" failures="1" skipped="0" time="0.053" timestamp="2026-03-30T16:59:44">
          <properties>
[...]
</properties>
          <testcase classname="chesscoverage.CoverageRegressionTest" name="Board initial and empty serialize to expected FEN placement" time="0.0">
                      
                    </testcase><testcase classname="chesscoverage.CoverageRegressionTest" name="Board fromFenPlacement rejects malformed ranks and invalid pieces" time="0.001">
                      
                    </testcase><testcase classname="chesscoverage.CoverageRegressionTest" name="GameState fromFen rejects malformed metadata" time="0.001">
                      
                    </testcase><testcase classname="chesscoverage.CoverageRegressionTest" name="GameState withHistory appends the current state" time="0.001">
                      
                    </testcase><testcase classname="chesscoverage.CoverageRegressionTest" name="CastlingRights fromFen rejects duplicate rights" time="0.0">
                      
                    </testcase><testcase classname="chesscoverage.CoverageRegressionTest" name="Piece fromFenChar rejects non-letter characters" time="0.0">
                      
                    </testcase><testcase classname="chesscoverage.CoverageRegressionTest" name="GameRules detects fifty-move rule" time="0.002">
                      
                    </testcase><testcase classname="chesscoverage.CoverageRegressionTest" name="GameRules detects threefold repetition from history" time="0.0">
                      
                    </testcase><testcase classname="chesscoverage.CoverageRegressionTest" name="GameRules detects insufficient material" time="0.001">
                      
                    </testcase><testcase classname="chesscoverage.CoverageRegressionTest" name="GameRules detects king versus king as insufficient material" time="0.0">
                      
                    </testcase><testcase classname="chesscoverage.CoverageRegressionTest" name="applyMove updates castling rights for king move, rook move and rook capture" time="0.002">
                      
                    </testcase><testcase classname="chesscoverage.CoverageRegressionTest" name="applyMove updates promotion, en-passant target and clocks" time="0.001">
                      
                    </testcase><testcase classname="chesscoverage.CoverageRegressionTest" name="GameRules reports check without immediate draw override" time="0.0">
                      
                    </testcase><testcase classname="chesscoverage.CoverageRegressionTest" name="controller handles promotion-required, finished-game move, resign, help and unknown command" time="0.003">
                      
                    </testcase><testcase classname="chesscoverage.CoverageRegressionTest" name="show moves rejects opponent piece and pieces without legal targets" time="0.002">
                      
                    </testcase><testcase classname="chesscoverage.CoverageRegressionTest" name="command parser accepts aliases and rejects invalid promotion suffix" time="0.016">
                      <failure message="ProcessTurn(&quot;e7e8x&quot;) was not an instance of chess.controller.Command$Unknown, but an instance of chess.controller.Command$ProcessTurn" type="org.scalatest.exceptions.TestFailedException">org.scalatest.exceptions.TestFailedException: ProcessTurn(&quot;e7e8x&quot;) was not an instance of chess.controller.Command$Unknown, but an instance of chess.controller.Command$ProcessTurn
	at org.scalatest.matchers.MatchersHelper$.newTestFailedException(MatchersHelper.scala:143)
	at org.scalatest.matchers.TypeMatcherHelper$.assertAType(TypeMatcherHelper.scala:162)
	at chesscoverage.CoverageRegressionTest.testFun$proxy16$1(CoverageRegressionTest.scala:150)
	at chesscoverage.CoverageRegressionTest.$init$$$anonfun$16(CoverageRegressionTest.scala:145)
	at org.scalatest.Transformer.apply$$anonfun$1(Transformer.scala:22)
	at org.scalatest.OutcomeOf.outcomeOf(OutcomeOf.scala:85)
	at org.scalatest.OutcomeOf.outcomeOf$(OutcomeOf.scala:31)
	at org.scalatest.OutcomeOf$.outcomeOf(OutcomeOf.scala:104)
	at org.scalatest.Transformer.apply(Transformer.scala:22)
	at org.scalatest.Transformer.apply(Transformer.scala:21)
	at org.scalatest.funsuite.AnyFunSuiteLike$$anon$1.apply(AnyFunSuiteLike.scala:206)
	at org.scalatest.TestSuite.withFixture(TestSuite.scala:196)
	at org.scalatest.TestSuite.withFixture$(TestSuite.scala:138)
	at org.scalatest.funsuite.AnyFunSuite.withFixture(AnyFunSuite.scala:1563)
	at org.scalatest.funsuite.AnyFunSuiteLike.invokeWithFixture$1(AnyFunSuiteLike.scala:212)
	at org.scalatest.funsuite.AnyFunSuiteLike.runTest$$anonfun$1(AnyFunSuiteLike.scala:216)
	at org.scalatest.SuperEngine.runTestImpl(Engine.scala:306)
	at org.scalatest.funsuite.AnyFunSuiteLike.runTest(AnyFunSuiteLike.scala:216)
	at org.scalatest.funsuite.AnyFunSuiteLike.runTest$(AnyFunSuiteLike.scala:47)
	at org.scalatest.funsuite.AnyFunSuite.runTest(AnyFunSuite.scala:1563)
	at org.scalatest.funsuite.AnyFunSuiteLike.runTests$$anonfun$1(AnyFunSuiteLike.scala:249)
	at org.scalatest.SuperEngine.traverseSubNodes$1$$anonfun$1(Engine.scala:413)
	at scala.runtime.function.JProcedure1.apply(JProcedure1.java:15)
	at scala.runtime.function.JProcedure1.apply(JProcedure1.java:10)
	at scala.collection.immutable.List.foreach(List.scala:334)
	at org.scalatest.SuperEngine.traverseSubNodes$1(Engine.scala:429)
	at org.scalatest.SuperEngine.runTestsInBranch(Engine.scala:396)
	at org.scalatest.SuperEngine.runTestsImpl(Engine.scala:475)
	at org.scalatest.funsuite.AnyFunSuiteLike.runTests(AnyFunSuiteLike.scala:249)
	at org.scalatest.funsuite.AnyFunSuiteLike.runTests$(AnyFunSuiteLike.scala:47)
	at org.scalatest.funsuite.AnyFunSuite.runTests(AnyFunSuite.scala:1563)
	at org.scalatest.Suite.run(Suite.scala:1114)
	at org.scalatest.Suite.run$(Suite.scala:564)
	at org.scalatest.funsuite.AnyFunSuite.org$scalatest$funsuite$AnyFunSuiteLike$$super$run(AnyFunSuite.scala:1563)
	at org.scalatest.funsuite.AnyFunSuiteLike.run$$anonfun$1(AnyFunSuiteLike.scala:253)
	at org.scalatest.SuperEngine.runImpl(Engine.scala:535)
	at org.scalatest.funsuite.AnyFunSuiteLike.run(AnyFunSuiteLike.scala:253)
	at org.scalatest.funsuite.AnyFunSuiteLike.run$(AnyFunSuiteLike.scala:47)
	at org.scalatest.funsuite.AnyFunSuite.run(AnyFunSuite.scala:1563)
	at org.scalatest.tools.Framework.org$scalatest$tools$Framework$$runSuite(Framework.scala:321)
	at org.scalatest.tools.Framework$ScalaTestTask.execute(Framework.scala:517)
	at sbt.TestRunner.runTest$1(TestFramework.scala:153)
	at sbt.TestRunner.run(TestFramework.scala:168)
	at sbt.TestFramework$$anon$3$$anonfun$$lessinit$greater$1.$anonfun$apply$1(TestFramework.scala:336)
	at sbt.TestFramework$.sbt$TestFramework$$withContextLoader(TestFramework.scala:296)
	at sbt.TestFramework$$anon$3$$anonfun$$lessinit$greater$1.apply(TestFramework.scala:336)
	at sbt.TestFramework$$anon$3$$anonfun$$lessinit$greater$1.apply(TestFramework.scala:336)
	at sbt.TestFunction.apply(TestFramework.scala:348)
	at sbt.Tests$.processRunnable$1(Tests.scala:475)
	at sbt.Tests$.$anonfun$makeSerial$1(Tests.scala:481)
	at sbt.std.Transform$$anon$3.$anonfun$apply$2(Transform.scala:47)
	at sbt.std.Transform$$anon$4.work(Transform.scala:69)
	at sbt.Execute.$anonfun$submit$2(Execute.scala:283)
	at sbt.internal.util.ErrorHandling$.wideConvert(ErrorHandling.scala:24)
	at sbt.Execute.work(Execute.scala:292)
	at sbt.Execute.$anonfun$submit$1(Execute.scala:283)
	at sbt.ConcurrentRestrictions$$anon$4.$anonfun$submitValid$1(ConcurrentRestrictions.scala:265)
	at sbt.CompletionService$$anon$2.call(CompletionService.scala:65)
	at java.base/java.util.concurrent.FutureTask.run(FutureTask.java:328)
	at java.base/java.util.concurrent.Executors$RunnableAdapter.call(Executors.java:545)
	at java.base/java.util.concurrent.FutureTask.run(FutureTask.java:328)
	at java.base/java.util.concurrent.ThreadPoolExecutor.runWorker(ThreadPoolExecutor.java:1090)
	at java.base/java.util.concurrent.ThreadPoolExecutor$Worker.run(ThreadPoolExecutor.java:614)
	at java.base/java.lang.Thread.run(Thread.java:1474)
</failure>
                    </testcase><testcase classname="chesscoverage.CoverageRegressionTest" name="MoveGenerator covers queen, black pawns and extra castling branches" time="0.013">
                      
                    </testcase><testcase classname="chesscoverage.CoverageRegressionTest" name="MoveGenerator attack detection covers missing king and blocked attacks" time="0.001">
                      
                    </testcase><testcase classname="chesscoverage.CoverageRegressionTest" name="TerminalView renders all footer states, highlights and flipped coordinates" time="0.002">
                      
                    </testcase><testcase classname="chesscoverage.CoverageRegressionTest" name="TerminalView helpers and StdConsoleIO are directly executable" time="0.003">
                      
                    </testcase><testcase classname="chesscoverage.CoverageRegressionTest" name="Main.main prints startup text and exits on quit input" time="0.004">
                      
                    </testcase>
          <system-out><![CDATA[]]></system-out>
          <system-err><![CDATA[]]></system-err>
        </testsuite>