<?xml version='1.0' encoding='UTF-8'?>
<testsuite hostname="fedora.fritz.box" name="chess.MoveGeneratorTest" tests="18" errors="0" failures="0" skipped="0" time="0.162" timestamp="2026-03-18T20:48:15">
          <properties>
[...]
</properties>
          <testcase classname="chess.MoveGeneratorTest" name="white pawn on e2 can advance one or two squares" time="0.08">
                      
                    </testcase><testcase classname="chess.MoveGeneratorTest" name="white pawn cannot advance if blocked" time="0.005">
                      
                    </testcase><testcase classname="chess.MoveGeneratorTest" name="white pawn can capture diagonally" time="0.004">
                      
                    </testcase><testcase classname="chess.MoveGeneratorTest" name="pawn promotion generates 4 moves per target square" time="0.022">
                      
                    </testcase><testcase classname="chess.MoveGeneratorTest" name="knight on e4 has 8 possible target squares in open position" time="0.008">
                      
                    </testcase><testcase classname="chess.MoveGeneratorTest" name="knight on a1 has only 2 target squares" time="0.003">
                      
                    </testcase><testcase classname="chess.MoveGeneratorTest" name="rook on e4 in open position has 14 moves" time="0.005">
                      
                    </testcase><testcase classname="chess.MoveGeneratorTest" name="bishop on e4 in open position has 13 moves" time="0.004">
                      
                    </testcase><testcase classname="chess.MoveGeneratorTest" name="king on e4 in open position has 8 moves" time="0.005">
                      
                    </testcase><testcase classname="chess.MoveGeneratorTest" name="king cannot move into check" time="0.009">
                      
                    </testcase><testcase classname="chess.MoveGeneratorTest" name="king in check must resolve the check" time="0.004">
                      
                    </testcase><testcase classname="chess.MoveGeneratorTest" name="isInCheck is true when queen attacks king" time="0.0">
                      
                    </testcase><testcase classname="chess.MoveGeneratorTest" name="en passant is legal when target square is set" time="0.002">
                      
                    </testcase><testcase classname="chess.MoveGeneratorTest" name="en passant capture removes the captured pawn" time="0.001">
                      
                    </testcase><testcase classname="chess.MoveGeneratorTest" name="castling is available when path is clear" time="0.002">
                      
                    </testcase><testcase classname="chess.MoveGeneratorTest" name="castling is blocked when a square is under attack" time="0.003">
                      
                    </testcase><testcase classname="chess.MoveGeneratorTest" name="Scholar's mate is checkmate" time="0.004">
                      
                    </testcase><testcase classname="chess.MoveGeneratorTest" name="stalemate is detected correctly" time="0.001">
                      
                    </testcase>
          <system-out><![CDATA[]]></system-out>
          <system-err><![CDATA[]]></system-err>
        </testsuite>