<?xml version='1.0' encoding='UTF-8'?>
<testsuite hostname="fedora" name="chess.GameControllerTest" tests="31" errors="0" failures="0" skipped="0" time="0.102" timestamp="2026-03-25T10:30:43">
          <properties>
[...]
</properties>
          <testcase classname="chess.GameControllerTest" name="initial app state is Playing" time="0.003">
                      
                    </testcase><testcase classname="chess.GameControllerTest" name="legal move updates board and switches active color" time="0.007">
                      
                    </testcase><testcase classname="chess.GameControllerTest" name="illegal move produces an error message and does not change board" time="0.003">
                      
                    </testcase><testcase classname="chess.GameControllerTest" name="undo after first move returns to initial board" time="0.004">
                      
                    </testcase><testcase classname="chess.GameControllerTest" name="undo on empty history shows error" time="0.002">
                      
                    </testcase><testcase classname="chess.GameControllerTest" name="ShowMoves highlights targets for a valid own piece" time="0.007">
                      
                    </testcase><testcase classname="chess.GameControllerTest" name="ShowMoves on empty square shows error" time="0.002">
                      
                    </testcase><testcase classname="chess.GameControllerTest" name="Flip toggles flipped flag" time="0.002">
                      
                    </testcase><testcase classname="chess.GameControllerTest" name="NewGame resets the game state" time="0.003">
                      
                    </testcase><testcase classname="chess.GameControllerTest" name="Quit sets running to false" time="0.001">
                      
                    </testcase><testcase classname="chess.GameControllerTest" name="draw offer then accept produces Draw status" time="0.002">
                      
                    </testcase><testcase classname="chess.GameControllerTest" name="run stops cleanly on EOF after initial render" time="0.011">
                      
                    </testcase><testcase classname="chess.GameControllerTest" name="run processes scripted input and re-renders until quit" time="0.006">
                      
                    </testcase><testcase classname="chess.GameControllerTest" name="run prints message when app provides one" time="0.002">
                      
                    </testcase><testcase classname="chess.GameControllerTest" name="Help command prints help text" time="0.001">
                      
                    </testcase><testcase classname="chess.GameControllerTest" name="Unknown command prints error message" time="0.001">
                      
                    </testcase><testcase classname="chess.GameControllerTest" name="Move on a finished game shows error" time="0.002">
                      
                    </testcase><testcase classname="chess.GameControllerTest" name="Pawn promotion required gives error if not provided" time="0.003">
                      
                    </testcase><testcase classname="chess.GameControllerTest" name="Check message is displayed when move results in check" time="0.003">
                      
                    </testcase><testcase classname="chess.GameControllerTest" name="Checkmate message is displayed winning move" time="0.007">
                      
                    </testcase><testcase classname="chess.GameControllerTest" name="Checkmate message is displayed when White wins" time="0.01">
                      
                    </testcase><testcase classname="chess.GameControllerTest" name="Checkmate against White" time="0.005">
                      
                    </testcase><testcase classname="chess.GameControllerTest" name="Stalemate message is properly triggered" time="0.001">
                      
                    </testcase><testcase classname="chess.GameControllerTest" name="Move parser invalid from" time="0.001">
                      
                    </testcase><testcase classname="chess.GameControllerTest" name="Move parser invalid to" time="0.0">
                      
                    </testcase><testcase classname="chess.GameControllerTest" name="Stalemate message is displayed on stalemate" time="0.003">
                      
                    </testcase><testcase classname="chess.GameControllerTest" name="Draw message is displayed when game is drawn" time="0.003">
                      
                    </testcase><testcase classname="chess.GameControllerTest" name="ShowMoves for opponent's piece yields error" time="0.002">
                      
                    </testcase><testcase classname="chess.GameControllerTest" name="ShowMoves with no legal moves yields error" time="0.001">
                      
                    </testcase><testcase classname="chess.GameControllerTest" name="Undo successful message is displayed" time="0.002">
                      
                    </testcase><testcase classname="chess.GameControllerTest" name="Resign updates status to Checkmate and shows message" time="0.002">
                      
                    </testcase>
          <system-out><![CDATA[]]></system-out>
          <system-err><![CDATA[]]></system-err>
        </testsuite>