<?xml version='1.0' encoding='UTF-8'?>
<testsuite hostname="Meins" name="chesscoverage.CoverageRegressionTest" tests="21" errors="0" failures="0" skipped="0" time="0.059" timestamp="2026-03-24T13:28:44">
          <properties>
[...]
</properties>
          <testcase classname="chesscoverage.CoverageRegressionTest" name="Board initial and empty serialize to expected FEN placement" time="0.001">
                      
                    </testcase><testcase classname="chesscoverage.CoverageRegressionTest" name="Board fromFenPlacement rejects malformed ranks and invalid pieces" time="0.002">
                      
                    </testcase><testcase classname="chesscoverage.CoverageRegressionTest" name="GameState fromFen rejects malformed metadata" time="0.001">
                      
                    </testcase><testcase classname="chesscoverage.CoverageRegressionTest" name="GameState withHistory appends the current state" time="0.001">
                      
                    </testcase><testcase classname="chesscoverage.CoverageRegressionTest" name="CastlingRights fromFen rejects duplicate rights" time="0.001">
                      
                    </testcase><testcase classname="chesscoverage.CoverageRegressionTest" name="Piece fromFenChar rejects non-letter characters" time="0.0">
                      
                    </testcase><testcase classname="chesscoverage.CoverageRegressionTest" name="GameRules detects fifty-move rule" time="0.002">
                      
                    </testcase><testcase classname="chesscoverage.CoverageRegressionTest" name="GameRules detects threefold repetition from history" time="0.001">
                      
                    </testcase><testcase classname="chesscoverage.CoverageRegressionTest" name="GameRules detects insufficient material" time="0.002">
                      
                    </testcase><testcase classname="chesscoverage.CoverageRegressionTest" name="GameRules detects king versus king as insufficient material" time="0.001">
                      
                    </testcase><testcase classname="chesscoverage.CoverageRegressionTest" name="applyMove updates castling rights for king move, rook move and rook capture" time="0.003">
                      
                    </testcase><testcase classname="chesscoverage.CoverageRegressionTest" name="applyMove updates promotion, en-passant target and clocks" time="0.001">
                      
                    </testcase><testcase classname="chesscoverage.CoverageRegressionTest" name="GameRules reports check without immediate draw override" time="0.002">
                      
                    </testcase><testcase classname="chesscoverage.CoverageRegressionTest" name="controller handles promotion-required, finished-game move, resign, help and unknown command" time="0.008">
                      
                    </testcase><testcase classname="chesscoverage.CoverageRegressionTest" name="show moves rejects opponent piece and pieces without legal targets" time="0.003">
                      
                    </testcase><testcase classname="chesscoverage.CoverageRegressionTest" name="command parser accepts aliases and rejects invalid promotion suffix" time="0.001">
                      
                    </testcase><testcase classname="chesscoverage.CoverageRegressionTest" name="MoveGenerator covers queen, black pawns and extra castling branches" time="0.015">
                      
                    </testcase><testcase classname="chesscoverage.CoverageRegressionTest" name="MoveGenerator attack detection covers missing king and blocked attacks" time="0.002">
                      
                    </testcase><testcase classname="chesscoverage.CoverageRegressionTest" name="TerminalView renders all footer states, highlights and flipped coordinates" time="0.003">
                      
                    </testcase><testcase classname="chesscoverage.CoverageRegressionTest" name="TerminalView helpers and StdConsoleIO are directly executable" time="0.004">
                      
                    </testcase><testcase classname="chesscoverage.CoverageRegressionTest" name="Main.main prints startup text and exits on quit input" time="0.005">
                      
                    </testcase>
          <system-out><![CDATA[]]></system-out>
          <system-err><![CDATA[]]></system-err>
        </testsuite>