<?xml version='1.0' encoding='UTF-8'?>
<testsuite hostname="Meins" name="chess.IntegrationTest" tests="6" errors="0" failures="1" skipped="0" time="0.095" timestamp="2026-04-06T14:37:20">
          <properties>
[...]
</properties>
          <testcase classname="chess.IntegrationTest" name="Game should start with correct initial state" time="0.018">
                      
                    </testcase><testcase classname="chess.IntegrationTest" name="Initial FEN should parse back to the same game state" time="0.011">
                      
                    </testcase><testcase classname="chess.IntegrationTest" name="Game status should be Playing initially" time="0.014">
                      
                    </testcase><testcase classname="chess.IntegrationTest" name="App should handle basic move sequence" time="0.027">
                      
                    </testcase><testcase classname="chess.IntegrationTest" name="Command parser should handle all commands" time="0.007">
                      
                    </testcase><testcase classname="chess.IntegrationTest" name="TerminalView should render without errors" time="0.018">
                      <failure message="&quot;  [36m[1mBlack[0m  [2mMove 1[0m

[37m[1m 8  [0m[48;5;180m[38;5;16m r  [0m[48;5;94m[38;5;16m n  [0m[48;5;180m[38;5;16m b  [0m[48;5;94m[38;5;16m q  [0m[48;5;180m[38;5;16m k  [0m[48;5;94m[38;5;16m b  [0m[48;5;180m[38;5;16m n  [0m[48;5;94m[38;5;16m r  [0m
[37m[1m 7  [0m[48;5;94m[38;5;16m p  [0m[48;5;180m[38;5;16m p  [0m[48;5;94m[38;5;16m p  [0m[48;5;180m[38;5;16m p  [0m[48;5;94m[38;5;16m p  [0m[48;5;180m[38;5;16m p  [0m[48;5;94m[38;5;16m p  [0m[48;5;180m[38;5;16m p  [0m
[37m[1m 6  [0m[48;5;180m    [0m[48;5;94m    [0m[48;5;180m    [0m[48;5;94m    [0m[48;5;180m    [0m[48;5;94m    [0m[48;5;180m    [0m[48;5;94m    [0m
[37m[1m 5  [0m[48;5;94m    [0m[48;5;180m    [0m[48;5;94m    [0m[48;5;180m    [0m[48;5;94m    [0m[48;5;180m    [0m[48;5;94m    [0m[48;5;180m    [0m
[37m[1m 4  [0m[48;5;180m    [0m[48;5;94m    [0m[48;5;180m    [0m[48;5;94m    [0m[48;5;180m    [0m[48;5;94m    [0m[48;5;180m    [0m[48;5;94m    [0m
[37m[1m 3  [0m[48;5;94m    [0m[48;5;180m    [0m[48;5;94m    [0m[48;5;180m    [0m[48;5;94m    [0m[48;5;180m    [0m[48;5;94m    [0m[48;5;180m    [0m
[37m[1m 2  [0m[48;5;180m[38;5;231m[1m P  [0m[48;5;94m[38;5;231m[1m P  [0m[48;5;180m[38;5;231m[1m P  [0m[48;5;94m[38;5;231m[1m P  [0m[48;5;180m[38;5;231m[1m P  [0m[48;5;94m[38;5;231m[1m P  [0m[48;5;180m[38;5;231m[1m P  [0m[48;5;94m[38;5;231m[1m P  [0m
[37m[1m 1  [0m[48;5;94m[38;5;231m[1m R  [0m[48;5;180m[38;5;231m[1m N  [0m[48;5;94m[38;5;231m[1m B  [0m[48;5;180m[38;5;231m[1m Q  [0m[48;5;94m[38;5;231m[1m K  [0m[48;5;180m[38;5;231m[1m B  [0m[48;5;94m[38;5;231m[1m N  [0m[48;5;180m[38;5;231m[1m R  [0m
    [37m[1m  a [0m[37m[1m  b [0m[37m[1m  c [0m[37m[1m  d [0m[37m[1m  e [0m[37m[1m  f [0m[37m[1m  g [0m[37m[1m  h [0m

  [38;5;231m[1mWhite[0m to move
&quot; did not include substring &quot;♚&quot;" type="org.scalatest.exceptions.TestFailedException">org.scalatest.exceptions.TestFailedException: &quot;  [36m[1mBlack[0m  [2mMove 1[0m

[37m[1m 8  [0m[48;5;180m[38;5;16m r  [0m[48;5;94m[38;5;16m n  [0m[48;5;180m[38;5;16m b  [0m[48;5;94m[38;5;16m q  [0m[48;5;180m[38;5;16m k  [0m[48;5;94m[38;5;16m b  [0m[48;5;180m[38;5;16m n  [0m[48;5;94m[38;5;16m r  [0m
[37m[1m 7  [0m[48;5;94m[38;5;16m p  [0m[48;5;180m[38;5;16m p  [0m[48;5;94m[38;5;16m p  [0m[48;5;180m[38;5;16m p  [0m[48;5;94m[38;5;16m p  [0m[48;5;180m[38;5;16m p  [0m[48;5;94m[38;5;16m p  [0m[48;5;180m[38;5;16m p  [0m
[37m[1m 6  [0m[48;5;180m    [0m[48;5;94m    [0m[48;5;180m    [0m[48;5;94m    [0m[48;5;180m    [0m[48;5;94m    [0m[48;5;180m    [0m[48;5;94m    [0m
[37m[1m 5  [0m[48;5;94m    [0m[48;5;180m    [0m[48;5;94m    [0m[48;5;180m    [0m[48;5;94m    [0m[48;5;180m    [0m[48;5;94m    [0m[48;5;180m    [0m
[37m[1m 4  [0m[48;5;180m    [0m[48;5;94m    [0m[48;5;180m    [0m[48;5;94m    [0m[48;5;180m    [0m[48;5;94m    [0m[48;5;180m    [0m[48;5;94m    [0m
[37m[1m 3  [0m[48;5;94m    [0m[48;5;180m    [0m[48;5;94m    [0m[48;5;180m    [0m[48;5;94m    [0m[48;5;180m    [0m[48;5;94m    [0m[48;5;180m    [0m
[37m[1m 2  [0m[48;5;180m[38;5;231m[1m P  [0m[48;5;94m[38;5;231m[1m P  [0m[48;5;180m[38;5;231m[1m P  [0m[48;5;94m[38;5;231m[1m P  [0m[48;5;180m[38;5;231m[1m P  [0m[48;5;94m[38;5;231m[1m P  [0m[48;5;180m[38;5;231m[1m P  [0m[48;5;94m[38;5;231m[1m P  [0m
[37m[1m 1  [0m[48;5;94m[38;5;231m[1m R  [0m[48;5;180m[38;5;231m[1m N  [0m[48;5;94m[38;5;231m[1m B  [0m[48;5;180m[38;5;231m[1m Q  [0m[48;5;94m[38;5;231m[1m K  [0m[48;5;180m[38;5;231m[1m B  [0m[48;5;94m[38;5;231m[1m N  [0m[48;5;180m[38;5;231m[1m R  [0m
    [37m[1m  a [0m[37m[1m  b [0m[37m[1m  c [0m[37m[1m  d [0m[37m[1m  e [0m[37m[1m  f [0m[37m[1m  g [0m[37m[1m  h [0m

  [38;5;231m[1mWhite[0m to move
&quot; did not include substring &quot;♚&quot;
	at org.scalatest.matchers.MatchersHelper$.indicateFailure(MatchersHelper.scala:392)
	at org.scalatest.matchers.should.Matchers$ShouldMethodHelperClass.shouldMatcher(Matchers.scala:6815)
	at org.scalatest.matchers.should.Matchers.should(Matchers.scala:6855)
	at org.scalatest.matchers.should.Matchers.should$(Matchers.scala:1808)
	at chess.IntegrationTest.should(IntegrationTest.scala:9)
	at chess.IntegrationTest.testFun$proxy6$1(IntegrationTest.scala:72)
	at chess.IntegrationTest.$init$$$anonfun$6(IntegrationTest.scala:65)
	at org.scalatest.Transformer.apply$$anonfun$1(Transformer.scala:22)
	at org.scalatest.OutcomeOf.outcomeOf(OutcomeOf.scala:85)
	at org.scalatest.OutcomeOf.outcomeOf$(OutcomeOf.scala:31)
	at org.scalatest.OutcomeOf$.outcomeOf(OutcomeOf.scala:104)
	at org.scalatest.Transformer.apply(Transformer.scala:22)
	at org.scalatest.Transformer.apply(Transformer.scala:21)
	at org.scalatest.funsuite.AnyFunSuiteLike$$anon$1.apply(AnyFunSuiteLike.scala:206)
	at org.scalatest.TestSuite.withFixture(TestSuite.scala:196)
	at org.scalatest.TestSuite.withFixture$(TestSuite.scala:138)
	at org.scalatest.funsuite.AnyFunSuite.withFixture(AnyFunSuite.scala:1563)
	at org.scalatest.funsuite.AnyFunSuiteLike.invokeWithFixture$1(AnyFunSuiteLike.scala:212)
	at org.scalatest.funsuite.AnyFunSuiteLike.runTest$$anonfun$1(AnyFunSuiteLike.scala:216)
	at org.scalatest.SuperEngine.runTestImpl(Engine.scala:306)
	at org.scalatest.funsuite.AnyFunSuiteLike.runTest(AnyFunSuiteLike.scala:216)
	at org.scalatest.funsuite.AnyFunSuiteLike.runTest$(AnyFunSuiteLike.scala:47)
	at org.scalatest.funsuite.AnyFunSuite.runTest(AnyFunSuite.scala:1563)
	at org.scalatest.funsuite.AnyFunSuiteLike.runTests$$anonfun$1(AnyFunSuiteLike.scala:249)
	at org.scalatest.SuperEngine.traverseSubNodes$1$$anonfun$1(Engine.scala:413)
	at scala.runtime.function.JProcedure1.apply(JProcedure1.java:15)
	at scala.runtime.function.JProcedure1.apply(JProcedure1.java:10)
	at scala.collection.immutable.List.foreach(List.scala:334)
	at org.scalatest.SuperEngine.traverseSubNodes$1(Engine.scala:429)
	at org.scalatest.SuperEngine.runTestsInBranch(Engine.scala:396)
	at org.scalatest.SuperEngine.runTestsImpl(Engine.scala:475)
	at org.scalatest.funsuite.AnyFunSuiteLike.runTests(AnyFunSuiteLike.scala:249)
	at org.scalatest.funsuite.AnyFunSuiteLike.runTests$(AnyFunSuiteLike.scala:47)
	at org.scalatest.funsuite.AnyFunSuite.runTests(AnyFunSuite.scala:1563)
	at org.scalatest.Suite.run(Suite.scala:1114)
	at org.scalatest.Suite.run$(Suite.scala:564)
	at org.scalatest.funsuite.AnyFunSuite.org$scalatest$funsuite$AnyFunSuiteLike$$super$run(AnyFunSuite.scala:1563)
	at org.scalatest.funsuite.AnyFunSuiteLike.run$$anonfun$1(AnyFunSuiteLike.scala:253)
	at org.scalatest.SuperEngine.runImpl(Engine.scala:535)
	at org.scalatest.funsuite.AnyFunSuiteLike.run(AnyFunSuiteLike.scala:253)
	at org.scalatest.funsuite.AnyFunSuiteLike.run$(AnyFunSuiteLike.scala:47)
	at org.scalatest.funsuite.AnyFunSuite.run(AnyFunSuite.scala:1563)
	at org.scalatest.tools.Framework.org$scalatest$tools$Framework$$runSuite(Framework.scala:321)
	at org.scalatest.tools.Framework$ScalaTestTask.execute(Framework.scala:517)
	at sbt.TestRunner.runTest$1(TestFramework.scala:153)
	at sbt.TestRunner.run(TestFramework.scala:168)
	at sbt.TestFramework$$anon$3$$anonfun$$lessinit$greater$1.$anonfun$apply$1(TestFramework.scala:336)
	at sbt.TestFramework$.sbt$TestFramework$$withContextLoader(TestFramework.scala:296)
	at sbt.TestFramework$$anon$3$$anonfun$$lessinit$greater$1.apply(TestFramework.scala:336)
	at sbt.TestFramework$$anon$3$$anonfun$$lessinit$greater$1.apply(TestFramework.scala:336)
	at sbt.TestFunction.apply(TestFramework.scala:348)
	at sbt.Tests$.processRunnable$1(Tests.scala:475)
	at sbt.Tests$.$anonfun$makeSerial$1(Tests.scala:481)
	at sbt.std.Transform$$anon$3.$anonfun$apply$2(Transform.scala:47)
	at sbt.std.Transform$$anon$4.work(Transform.scala:69)
	at sbt.Execute.$anonfun$submit$2(Execute.scala:283)
	at sbt.internal.util.ErrorHandling$.wideConvert(ErrorHandling.scala:24)
	at sbt.Execute.work(Execute.scala:292)
	at sbt.Execute.$anonfun$submit$1(Execute.scala:283)
	at sbt.ConcurrentRestrictions$$anon$4.$anonfun$submitValid$1(ConcurrentRestrictions.scala:265)
	at sbt.CompletionService$$anon$2.call(CompletionService.scala:65)
	at java.base/java.util.concurrent.FutureTask.run(FutureTask.java:317)
	at java.base/java.util.concurrent.Executors$RunnableAdapter.call(Executors.java:572)
	at java.base/java.util.concurrent.FutureTask.run(FutureTask.java:317)
	at java.base/java.util.concurrent.ThreadPoolExecutor.runWorker(ThreadPoolExecutor.java:1144)
	at java.base/java.util.concurrent.ThreadPoolExecutor$Worker.run(ThreadPoolExecutor.java:642)
	at java.base/java.lang.Thread.run(Thread.java:1575)
</failure>
                    </testcase>
          <system-out><![CDATA[]]></system-out>
          <system-err><![CDATA[]]></system-err>
        </testsuite>