<?xml version='1.0' encoding='UTF-8'?>
<testsuite hostname="Meins" name="chess.IntegrationTest" tests="6" errors="0" failures="0" skipped="0" time="0.12" timestamp="2026-04-01T08:09:53">
          <properties>
[...]
</properties>
          <testcase classname="chess.IntegrationTest" name="Game should start with correct initial state" time="0.023">
                      
                    </testcase><testcase classname="chess.IntegrationTest" name="Initial FEN should parse back to the same game state" time="0.017">
                      
                    </testcase><testcase classname="chess.IntegrationTest" name="Game status should be Playing initially" time="0.014">
                      
                    </testcase><testcase classname="chess.IntegrationTest" name="App should handle basic move sequence" time="0.049">
                      
                    </testcase><testcase classname="chess.IntegrationTest" name="Command parser should handle all commands" time="0.007">
                      
                    </testcase><testcase classname="chess.IntegrationTest" name="TerminalView should render without errors" time="0.01">
                      
                    </testcase>
          <system-out><![CDATA[]]></system-out>
          <system-err><![CDATA[]]></system-err>
        </testsuite>