<?xml version="1.0"?>
<!DOCTYPE coverage SYSTEM "https://cobertura.sourceforge.net/xml/coverage-04.dtd">
<coverage 
line-rate="0.80" lines-valid="982" lines-covered="781" branches-valid="141" branches-covered="119" branch-rate="0.84" complexity="0" version="1.0" timestamp="1774349535193">
    <sources>
        <source>--source</source>
        <source>D:/SoftwareEngineering/javi/src/main/scala</source>
    </sources>
    <packages>
        <package name="chess" line-rate="1.00" branch-rate="1.00" complexity="0">
            <classes>
                <class name="chess.Main$" filename="chess\Main.scala" line-rate="1.00" branch-rate="1.00" complexity="0">
                    <methods>
                        <method name="chess/Main$/main" signature="()V" line-rate="1.00" branch-rate="1.00" complexity="0">
                            <lines>
                                <line number="7" hits="1" branch="false"/>
                                <line number="7" hits="1" branch="false"/>
                                <line number="5" hits="1" branch="false"/>
                                <line number="6" hits="1" branch="false"/>
                            </lines>
                        </method>
                    </methods>
                    <lines>
                        <line number="7" hits="1" branch="false"/>
                        <line number="7" hits="1" branch="false"/>
                        <line number="5" hits="1" branch="false"/>
                        <line number="6" hits="1" branch="false"/>
                    </lines>
                </class>
            </classes>
        </package>
        <package name="chess.controller" line-rate="0.89" branch-rate="0.60" complexity="0">
            <classes>
                <class 
                name="chess.controller.GameController$" filename="chess\controller\GameController.scala" line-rate="0.89" branch-rate="0.71" complexity="0">
                    <methods>
                        <method name="chess.controller/GameController$/run" signature="()V" line-rate="1.00" branch-rate="1.00" complexity="0">
                            <lines>
                                <line number="117" hits="1" branch="false"/>
                                <line number="118" hits="1" branch="false"/>
                                <line number="114" hits="1" branch="false"/>
                                <line number="116" hits="1" branch="false"/>
                                <line number="117" hits="1" branch="false"/>
                                <line number="109" hits="1" branch="false"/>
                                <line number="111" hits="1" branch="false"/>
                                <line number="110" hits="1" branch="false"/>
                                <line number="119" hits="1" branch="false"/>
                                <line number="115" hits="1" branch="false"/>
                                <line number="117" hits="1" branch="false"/>
                            </lines>
                        </method>
                        <method 
                        name="chess.controller/GameController$/renderFull" signature="()V" line-rate="1.00" branch-rate="1.00" complexity="0">
                            <lines>
                                <line number="126" hits="1" branch="false"/>
                                <line number="124" hits="1" branch="false"/>
                                <line number="126" hits="1" branch="false"/>
                                <line number="125" hits="1" branch="false"/>
                                <line number="133" hits="1" branch="false"/>
                            </lines>
</method>
                        <method 
                        name="chess.controller/GameController$/handleDraw" signature="()V" line-rate="1.00" branch-rate="1.00" complexity="0">
                            <lines>
                                <line number="237" hits="1" branch="false"/>
                            </lines>
</method>
                        <method 
                        name="chess.controller/GameController$/handleUndo" signature="()V" line-rate="1.00" branch-rate="1.00" complexity="0">
                            <lines>
                                <line number="214" hits="1" branch="false"/>
                                <line number="220" hits="1" branch="false"/>
                                <line number="219" hits="1" branch="false"/>
                                <line number="210" hits="1" branch="false"/>
                                <line number="213" hits="1" branch="false"/>
                                <line number="212" hits="1" branch="false"/>
                                <line number="219" hits="1" branch="false"/>
                                <line number="209" hits="1" branch="false"/>
                                <line number="211" hits="1" branch="false"/>
                            </lines>
</method>
                        <method 
                        name="chess.controller/GameController$/$anonfun" signature="()V" line-rate="0.50" branch-rate="1.00" complexity="0">
                            <lines>
                                <line number="165" hits="1" branch="false"/>
                                <line number="133" hits="0" branch="false"/>
                            </lines>
</method>
                        <method 
                        name="chess.controller/GameController$/handleMove" signature="()V" line-rate="0.69" branch-rate="0.60" complexity="0">
                            <lines>
                                <line number="166" hits="1" branch="true"/>
                                <line number="176" hits="0" branch="true"/>
                                <line number="180" hits="1" branch="false"/>
                                <line number="156" hits="1" branch="false"/>
                                <line number="160" hits="1" branch="false"/>
                                <line number="187" hits="1" branch="false"/>
                                <line number="168" hits="1" branch="false"/>
                                <line number="177" hits="0" branch="false"/>
                                <line number="165" hits="1" branch="true"/>
                                <line number="178" hits="0" branch="false"/>
                                <line number="165" hits="1" branch="false"/>
                                <line number="153" hits="1" branch="false"/>
                                <line number="166" hits="1" branch="false"/>
                                <line number="175" hits="0" branch="false"/>
                                <line number="179" hits="0" branch="false"/>
                                <line number="168" hits="1" branch="false"/>
                                <line number="158" hits="1" branch="false"/>
                                <line number="177" hits="0" branch="false"/>
                                <line number="181" hits="1" branch="false"/>
                                <line number="176" hits="0" branch="true"/>
                                <line number="180" hits="1" branch="false"/>
                                <line number="157" hits="1" branch="false"/>
                                <line number="168" hits="1" branch="false"/>
                                <line number="178" hits="0" branch="false"/>
                                <line number="163" hits="1" branch="false"/>
                                <line number="187" hits="1" branch="false"/>
                                <line number="168" hits="1" branch="true"/>
                                <line number="172" hits="1" branch="false"/>
                                <line number="179" hits="0" branch="false"/>
                                <line number="165" hits="1" branch="false"/>
                                <line number="179" hits="0" branch="false"/>
                                <line number="171" hits="1" branch="false"/>
                            </lines>
</method>
                        <method 
                        name="chess.controller/GameController$/handleCommand" signature="()V" line-rate="1.00" branch-rate="1.00" complexity="0">
                            <lines>
                                <line number="142" hits="1" branch="false"/>
                                <line number="146" hits="1" branch="false"/>
                                <line number="148" hits="1" branch="false"/>
                                <line number="143" hits="1" branch="false"/>
                                <line number="149" hits="1" branch="false"/>
                                <line number="145" hits="1" branch="false"/>
                                <line number="141" hits="1" branch="false"/>
                                <line number="149" hits="1" branch="false"/>
                                <line number="140" hits="1" branch="false"/>
                                <line number="144" hits="1" branch="false"/>
                                <line number="146" hits="1" branch="false"/>
                                <line number="137" hits="1" branch="false"/>
                                <line number="142" hits="1" branch="false"/>
                                <line number="147" hits="1" branch="false"/>
                                <line number="143" hits="1" branch="false"/>
                                <line number="146" hits="1" branch="false"/>
                                <line number="140" hits="1" branch="false"/>
                                <line number="144" hits="1" branch="false"/>
                                <line number="149" hits="1" branch="false"/>
                                <line number="149" hits="1" branch="false"/>
                                <line number="141" hits="1" branch="false"/>
                                <line number="145" hits="1" branch="false"/>
                                <line number="142" hits="1" branch="false"/>
                            </lines>
</method>
                        <method 
                        name="chess.controller/GameController$/run$default$1" signature="()V" line-rate="1.00" branch-rate="1.00" complexity="0">
                            <lines>
                                <line number="109" hits="1" branch="false"/>
                            </lines>
</method>
                        <method 
                        name="chess.controller/GameController$/handleResign" signature="()V" line-rate="1.00" branch-rate="1.00" complexity="0">
                            <lines>
                                <line number="225" hits="1" branch="false"/>
                                <line number="227" hits="1" branch="true"/>
                                <line number="232" hits="1" branch="false"/>
                                <line number="232" hits="1" branch="false"/>
                                <line number="227" hits="1" branch="true"/>
                            </lines>
</method>
                        <method 
                        name="chess.controller/GameController$/handleShowMoves" signature="()V" line-rate="0.94" branch-rate="1.00" complexity="0">
                            <lines>
                                <line number="201" hits="1" branch="false"/>
                                <line number="197" hits="1" branch="false"/>
                                <line number="202" hits="1" branch="false"/>
                                <line number="197" hits="1" branch="false"/>
                                <line number="201" hits="1" branch="false"/>
                                <line number="197" hits="1" branch="false"/>
                                <line number="199" hits="1" branch="false"/>
                                <line number="197" hits="1" branch="false"/>
                                <line number="200" hits="1" branch="false"/>
                                <line number="201" hits="0" branch="false"/>
                                <line number="197" hits="1" branch="false"/>
                                <line number="198" hits="1" branch="false"/>
                                <line number="194" hits="1" branch="false"/>
                                <line number="199" hits="1" branch="false"/>
                                <line number="196" hits="1" branch="false"/>
                                <line number="199" hits="1" branch="false"/>
                                <line number="195" hits="1" branch="false"/>
                            </lines>
</method>
                    </methods>
                    <lines>
                        <line number="166" hits="1" branch="true"/>
                        <line number="176" hits="0" branch="true"/>
                        <line number="117" hits="1" branch="false"/>
                        <line number="126" hits="1" branch="false"/>
                        <line number="201" hits="1" branch="false"/>
                        <line number="214" hits="1" branch="false"/>
                        <line number="225" hits="1" branch="false"/>
                        <line number="180" hits="1" branch="false"/>
                        <line number="197" hits="1" branch="false"/>
                        <line number="142" hits="1" branch="false"/>
                        <line number="146" hits="1" branch="false"/>
                        <line number="156" hits="1" branch="false"/>
                        <line number="118" hits="1" branch="false"/>
                        <line number="124" hits="1" branch="false"/>
                        <line number="160" hits="1" branch="false"/>
                        <line number="148" hits="1" branch="false"/>
                        <line number="202" hits="1" branch="false"/>
                        <line number="220" hits="1" branch="false"/>
                        <line number="187" hits="1" branch="false"/>
                        <line number="197" hits="1" branch="false"/>
                        <line number="168" hits="1" branch="false"/>
                        <line number="143" hits="1" branch="false"/>
                        <line number="177" hits="0" branch="false"/>
                        <line number="165" hits="1" branch="false"/>
                        <line number="149" hits="1" branch="false"/>
                        <line number="114" hits="1" branch="false"/>
                        <line number="145" hits="1" branch="false"/>
                        <line number="109" hits="1" branch="false"/>
                        <line number="141" hits="1" branch="false"/>
                        <line number="219" hits="1" branch="false"/>
                        <line number="201" hits="1" branch="false"/>
                        <line number="197" hits="1" branch="false"/>
                        <line number="165" hits="1" branch="true"/>
                        <line number="178" hits="0" branch="false"/>
                        <line number="149" hits="1" branch="false"/>
                        <line number="165" hits="1" branch="false"/>
                        <line number="140" hits="1" branch="false"/>
                        <line number="153" hits="1" branch="false"/>
                        <line number="199" hits="1" branch="false"/>
                        <line number="210" hits="1" branch="false"/>
                        <line number="144" hits="1" branch="false"/>
                        <line number="227" hits="1" branch="true"/>
                        <line number="213" hits="1" branch="false"/>
                        <line number="197" hits="1" branch="false"/>
                        <line number="200" hits="1" branch="false"/>
                        <line number="146" hits="1" branch="false"/>
                        <line number="137" hits="1" branch="false"/>
                        <line number="166" hits="1" branch="false"/>
                        <line number="126" hits="1" branch="false"/>
                        <line number="142" hits="1" branch="false"/>
                        <line number="116" hits="1" branch="false"/>
                        <line number="232" hits="1" branch="false"/>
                        <line number="175" hits="0" branch="false"/>
                        <line number="179" hits="0" branch="false"/>
                        <line number="117" hits="1" branch="false"/>
                        <line number="168" hits="1" branch="false"/>
                        <line number="158" hits="1" branch="false"/>
                        <line number="177" hits="0" branch="false"/>
                        <line number="147" hits="1" branch="false"/>
                        <line number="181" hits="1" branch="false"/>
                        <line number="133" hits="0" branch="false"/>
                        <line number="143" hits="1" branch="false"/>
                        <line number="109" hits="1" branch="false"/>
                        <line number="111" hits="1" branch="false"/>
                        <line number="232" hits="1" branch="false"/>
                        <line number="212" hits="1" branch="false"/>
                        <line number="201" hits="0" branch="false"/>
                        <line number="176" hits="0" branch="true"/>
                        <line number="219" hits="1" branch="false"/>
                        <line number="180" hits="1" branch="false"/>
                        <line number="157" hits="1" branch="false"/>
                        <line number="168" hits="1" branch="false"/>
                        <line number="146" hits="1" branch="false"/>
                        <line number="197" hits="1" branch="false"/>
                        <line number="237" hits="1" branch="false"/>
                        <line number="209" hits="1" branch="false"/>
                        <line number="110" hits="1" branch="false"/>
                        <line number="119" hits="1" branch="false"/>
                        <line number="198" hits="1" branch="false"/>
                        <line number="194" hits="1" branch="false"/>
                        <line number="178" hits="0" branch="false"/>
                        <line number="163" hits="1" branch="false"/>
                        <line number="187" hits="1" branch="false"/>
                        <line number="168" hits="1" branch="true"/>
                        <line number="140" hits="1" branch="false"/>
                        <line number="144" hits="1" branch="false"/>
                        <line number="149" hits="1" branch="false"/>
                        <line number="115" hits="1" branch="false"/>
                        <line number="125" hits="1" branch="false"/>
                        <line number="199" hits="1" branch="false"/>
                        <line number="172" hits="1" branch="false"/>
                        <line number="149" hits="1" branch="false"/>
                        <line number="179" hits="0" branch="false"/>
                        <line number="196" hits="1" branch="false"/>
                        <line number="165" hits="1" branch="false"/>
                        <line number="141" hits="1" branch="false"/>
                        <line number="145" hits="1" branch="false"/>
                        <line number="117" hits="1" branch="false"/>
                        <line number="133" hits="1" branch="false"/>
                        <line number="142" hits="1" branch="false"/>
                        <line number="179" hits="0" branch="false"/>
                        <line number="211" hits="1" branch="false"/>
                        <line number="227" hits="1" branch="true"/>
                        <line number="199" hits="1" branch="false"/>
                        <line number="171" hits="1" branch="false"/>
                        <line number="195" hits="1" branch="false"/>
                    </lines>
</class>
                <class 
                name="chess.controller.AppState$" filename="chess\controller\GameController.scala" line-rate="1.00" branch-rate="1.00" complexity="0">
                    <methods>
                        <method 
                        name="chess.controller/AppState$/$lessinit$greater$default$5" signature="()V" line-rate="1.00" branch-rate="1.00" complexity="0">
                            <lines>
                                <line number="91" hits="1" branch="false"/>
                            </lines>
</method>
                        <method name="chess.controller/AppState$/initial" signature="()V" line-rate="1.00" branch-rate="1.00" complexity="0">
                            <lines>
                                <line number="101" hits="1" branch="false"/>
                                <line number="98" hits="1" branch="false"/>
                                <line number="101" hits="1" branch="false"/>
                                <line number="101" hits="1" branch="false"/>
                                <line number="101" hits="1" branch="false"/>
                                <line number="100" hits="1" branch="false"/>
                                <line number="99" hits="1" branch="false"/>
                                <line number="101" hits="1" branch="false"/>
                                <line number="101" hits="1" branch="false"/>
                            </lines>
                        </method>
                        <method 
                        name="chess.controller/AppState$/$lessinit$greater$default$3" signature="()V" line-rate="1.00" branch-rate="1.00" complexity="0">
                            <lines>
                                <line number="89" hits="1" branch="false"/>
                            </lines>
</method>
                        <method 
                        name="chess.controller/AppState$/$lessinit$greater$default$7" signature="()V" line-rate="1.00" branch-rate="1.00" complexity="0">
                            <lines>
                                <line number="93" hits="1" branch="false"/>
                            </lines>
</method>
                        <method 
                        name="chess.controller/AppState$/$lessinit$greater$default$8" signature="()V" line-rate="1.00" branch-rate="1.00" complexity="0">
                            <lines>
                                <line number="94" hits="1" branch="false"/>
                            </lines>
</method>
                        <method 
                        name="chess.controller/AppState$/$lessinit$greater$default$4" signature="()V" line-rate="1.00" branch-rate="1.00" complexity="0">
                            <lines>
                                <line number="90" hits="1" branch="false"/>
                                <line number="90" hits="1" branch="false"/>
                                <line number="90" hits="1" branch="false"/>
                            </lines>
</method>
                        <method 
                        name="chess.controller/AppState$/$lessinit$greater$default$6" signature="()V" line-rate="1.00" branch-rate="1.00" complexity="0">
                            <lines>
                                <line number="92" hits="1" branch="false"/>
                            </lines>
</method>
                    </methods>
                    <lines>
                        <line number="101" hits="1" branch="false"/>
                        <line number="94" hits="1" branch="false"/>
                        <line number="98" hits="1" branch="false"/>
                        <line number="101" hits="1" branch="false"/>
                        <line number="90" hits="1" branch="false"/>
                        <line number="91" hits="1" branch="false"/>
                        <line number="101" hits="1" branch="false"/>
                        <line number="90" hits="1" branch="false"/>
                        <line number="101" hits="1" branch="false"/>
                        <line number="93" hits="1" branch="false"/>
                        <line number="100" hits="1" branch="false"/>
                        <line number="89" hits="1" branch="false"/>
                        <line number="99" hits="1" branch="false"/>
                        <line number="90" hits="1" branch="false"/>
                        <line number="101" hits="1" branch="false"/>
                        <line number="101" hits="1" branch="false"/>
                        <line number="92" hits="1" branch="false"/>
                    </lines>
</class>
                <class 
                name="chess.controller.CommandParser$" filename="chess\controller\GameController.scala" line-rate="0.85" branch-rate="0.33" complexity="0">
                    <methods>
                        <method 
                        name="chess.controller/CommandParser$/parse" signature="()V" line-rate="1.00" branch-rate="1.00" complexity="0">
                            <lines>
                                <line number="50" hits="1" branch="false"/>
                                <line number="57" hits="1" branch="false"/>
                                <line number="46" hits="1" branch="false"/>
                                <line number="52" hits="1" branch="false"/>
                                <line number="39" hits="1" branch="false"/>
                                <line number="54" hits="1" branch="false"/>
                                <line number="49" hits="1" branch="false"/>
                                <line number="43" hits="1" branch="false"/>
                                <line number="42" hits="1" branch="false"/>
                                <line number="50" hits="1" branch="false"/>
                                <line number="56" hits="1" branch="false"/>
                                <line number="45" hits="1" branch="false"/>
                                <line number="51" hits="1" branch="false"/>
                                <line number="38" hits="1" branch="false"/>
                                <line number="48" hits="1" branch="false"/>
                                <line number="53" hits="1" branch="false"/>
                                <line number="53" hits="1" branch="false"/>
                                <line number="47" hits="1" branch="false"/>
                                <line number="49" hits="1" branch="false"/>
                                <line number="39" hits="1" branch="false"/>
                                <line number="55" hits="1" branch="false"/>
                                <line number="44" hits="1" branch="false"/>
                                <line number="50" hits="1" branch="false"/>
                                <line number="57" hits="1" branch="false"/>
                            </lines>
</method>
                        <method 
                        name="chess.controller/CommandParser$/parseMove" signature="()V" line-rate="0.94" branch-rate="1.00" complexity="0">
                            <lines>
                                <line number="70" hits="0" branch="false"/>
                                <line number="65" hits="1" branch="false"/>
                                <line number="61" hits="1" branch="false"/>
                                <line number="66" hits="1" branch="false"/>
                                <line number="62" hits="1" branch="true"/>
                                <line number="67" hits="1" branch="false"/>
                                <line number="67" hits="1" branch="false"/>
                                <line number="64" hits="1" branch="false"/>
                                <line number="69" hits="1" branch="false"/>
                                <line number="66" hits="1" branch="false"/>
                                <line number="62" hits="1" branch="false"/>
                                <line number="59" hits="1" branch="false"/>
                                <line number="67" hits="1" branch="false"/>
                                <line number="61" hits="1" branch="false"/>
                                <line number="67" hits="1" branch="false"/>
                                <line number="64" hits="1" branch="false"/>
                                <line number="65" hits="1" branch="false"/>
                            </lines>
</method>
                        <method 
                        name="chess.controller/CommandParser$/$anonfun" signature="()V" line-rate="0.33" branch-rate="0.00" complexity="0">
                            <lines>
                                <line number="73" hits="0" branch="false"/>
                                <line number="71" hits="0" branch="false"/>
                                <line number="73" hits="1" branch="false"/>
                                <line number="71" hits="1" branch="false"/>
                                <line number="72" hits="0" branch="false"/>
                                <line number="73" hits="0" branch="false"/>
                                <line number="71" hits="0" branch="false"/>
                                <line number="73" hits="0" branch="true"/>
                                <line number="73" hits="0" branch="true"/>
                                <line number="72" hits="0" branch="false"/>
                                <line number="73" hits="1" branch="false"/>
                                <line number="71" hits="1" branch="false"/>
                            </lines>
</method>
                        <method 
                        name="chess.controller/CommandParser$/charToPromotion" signature="()V" line-rate="1.00" branch-rate="1.00" complexity="0">
                            <lines>
                                <line number="81" hits="1" branch="false"/>
                                <line number="78" hits="1" branch="false"/>
                                <line number="77" hits="1" branch="false"/>
                                <line number="80" hits="1" branch="false"/>
                                <line number="76" hits="1" branch="false"/>
                                <line number="79" hits="1" branch="false"/>
                            </lines>
</method>
                    </methods>
                    <lines>
                        <line number="50" hits="1" branch="false"/>
                        <line number="70" hits="0" branch="false"/>
                        <line number="73" hits="0" branch="false"/>
                        <line number="57" hits="1" branch="false"/>
                        <line number="81" hits="1" branch="false"/>
                        <line number="65" hits="1" branch="false"/>
                        <line number="71" hits="0" branch="false"/>
                        <line number="73" hits="1" branch="false"/>
                        <line number="61" hits="1" branch="false"/>
                        <line number="66" hits="1" branch="false"/>
                        <line number="46" hits="1" branch="false"/>
                        <line number="52" hits="1" branch="false"/>
                        <line number="39" hits="1" branch="false"/>
                        <line number="71" hits="1" branch="false"/>
                        <line number="54" hits="1" branch="false"/>
                        <line number="62" hits="1" branch="true"/>
                        <line number="67" hits="1" branch="false"/>
                        <line number="49" hits="1" branch="false"/>
                        <line number="78" hits="1" branch="false"/>
                        <line number="43" hits="1" branch="false"/>
                        <line number="67" hits="1" branch="false"/>
                        <line number="72" hits="0" branch="false"/>
                        <line number="77" hits="1" branch="false"/>
                        <line number="73" hits="0" branch="false"/>
                        <line number="80" hits="1" branch="false"/>
                        <line number="64" hits="1" branch="false"/>
                        <line number="69" hits="1" branch="false"/>
                        <line number="42" hits="1" branch="false"/>
                        <line number="50" hits="1" branch="false"/>
                        <line number="56" hits="1" branch="false"/>
                        <line number="45" hits="1" branch="false"/>
                        <line number="66" hits="1" branch="false"/>
                        <line number="71" hits="0" branch="false"/>
                        <line number="51" hits="1" branch="false"/>
                        <line number="38" hits="1" branch="false"/>
                        <line number="73" hits="0" branch="true"/>
                        <line number="62" hits="1" branch="false"/>
                        <line number="48" hits="1" branch="false"/>
                        <line number="53" hits="1" branch="false"/>
                        <line number="73" hits="0" branch="true"/>
                        <line number="76" hits="1" branch="false"/>
                        <line number="59" hits="1" branch="false"/>
                        <line number="67" hits="1" branch="false"/>
                        <line number="72" hits="0" branch="false"/>
                        <line number="53" hits="1" branch="false"/>
                        <line number="61" hits="1" branch="false"/>
                        <line number="47" hits="1" branch="false"/>
                        <line number="67" hits="1" branch="false"/>
                        <line number="49" hits="1" branch="false"/>
                        <line number="73" hits="1" branch="false"/>
                        <line number="39" hits="1" branch="false"/>
                        <line number="55" hits="1" branch="false"/>
                        <line number="64" hits="1" branch="false"/>
                        <line number="79" hits="1" branch="false"/>
                        <line number="44" hits="1" branch="false"/>
                        <line number="65" hits="1" branch="false"/>
                        <line number="71" hits="1" branch="false"/>
                        <line number="50" hits="1" branch="false"/>
                        <line number="57" hits="1" branch="false"/>
                    </lines>
</class>
                <class 
                name="chess.controller.StdConsoleIO$" filename="chess\controller\GameController.scala" line-rate="1.00" branch-rate="1.00" complexity="0">
                    <methods>
                        <method name="chess.controller/StdConsoleIO$/print" signature="()V" line-rate="1.00" branch-rate="1.00" complexity="0">
                            <lines>
                                <line number="14" hits="1" branch="false"/>
                                <line number="15" hits="1" branch="false"/>
                            </lines>
                        </method>
                        <method 
                        name="chess.controller/StdConsoleIO$/readLine" signature="()V" line-rate="1.00" branch-rate="1.00" complexity="0">
                            <lines>
                                <line number="12" hits="1" branch="false"/>
                                <line number="12" hits="1" branch="false"/>
                                <line number="11" hits="1" branch="false"/>
                            </lines>
</method>
                        <method name="chess.controller/StdConsoleIO$/clear" signature="()V" line-rate="1.00" branch-rate="1.00" complexity="0">
                            <lines>
                                <line number="17" hits="1" branch="false"/>
                                <line number="18" hits="1" branch="false"/>
                            </lines>
                        </method>
                    </methods>
                    <lines>
                        <line number="14" hits="1" branch="false"/>
                        <line number="12" hits="1" branch="false"/>
                        <line number="12" hits="1" branch="false"/>
                        <line number="15" hits="1" branch="false"/>
                        <line number="17" hits="1" branch="false"/>
                        <line number="18" hits="1" branch="false"/>
                        <line number="11" hits="1" branch="false"/>
                    </lines>
</class>
            </classes>
        </package>
        <package name="chess.model" line-rate="0.75" branch-rate="0.87" complexity="0">
            <classes>
                <class name="chess.model.Pos$" filename="chess\model\Types.scala" line-rate="1.00" branch-rate="1.00" complexity="0">
                    <methods>
                        <method name="chess.model/Pos$/fromAlgebraic" signature="()V" line-rate="1.00" branch-rate="1.00" complexity="0">
                            <lines>
                                <line number="84" hits="1" branch="true"/>
                                <line number="81" hits="1" branch="false"/>
                                <line number="79" hits="1" branch="true"/>
                                <line number="78" hits="1" branch="false"/>
                                <line number="82" hits="1" branch="false"/>
                                <line number="84" hits="1" branch="true"/>
                                <line number="84" hits="1" branch="false"/>
                                <line number="81" hits="1" branch="true"/>
                                <line number="79" hits="1" branch="false"/>
                                <line number="81" hits="1" branch="false"/>
                                <line number="82" hits="1" branch="false"/>
                            </lines>
                        </method>
                    </methods>
                    <lines>
                        <line number="84" hits="1" branch="true"/>
                        <line number="81" hits="1" branch="false"/>
                        <line number="79" hits="1" branch="true"/>
                        <line number="78" hits="1" branch="false"/>
                        <line number="82" hits="1" branch="false"/>
                        <line number="84" hits="1" branch="true"/>
                        <line number="84" hits="1" branch="false"/>
                        <line number="81" hits="1" branch="true"/>
                        <line number="79" hits="1" branch="false"/>
                        <line number="81" hits="1" branch="false"/>
                        <line number="82" hits="1" branch="false"/>
                    </lines>
                </class>
                <class 
                name="chess.model.CastlingRights" filename="chess\model\Types.scala" line-rate="0.68" branch-rate="1.00" complexity="0">
                    <methods>
                        <method 
                        name="chess.model/CastlingRights/disableWhiteQueenSide" signature="()V" line-rate="1.00" branch-rate="1.00" complexity="0">
                            <lines>
                                <line number="105" hits="1" branch="false"/>
                            </lines>
</method>
                        <method 
                        name="chess.model/CastlingRights/disableBlackKingSide" signature="()V" line-rate="1.00" branch-rate="1.00" complexity="0">
                            <lines>
                                <line number="106" hits="1" branch="false"/>
                            </lines>
</method>
                        <method name="chess.model/CastlingRights/toFen" signature="()V" line-rate="0.54" branch-rate="1.00" complexity="0">
                            <lines>
                                <line number="117" hits="1" branch="false"/>
                                <line number="111" hits="0" branch="false"/>
                                <line number="111" hits="0" branch="false"/>
                                <line number="117" hits="1" branch="true"/>
                                <line number="113" hits="0" branch="false"/>
                                <line number="116" hits="1" branch="false"/>
                                <line number="115" hits="0" branch="false"/>
                                <line number="111" hits="1" branch="false"/>
                                <line number="117" hits="1" branch="false"/>
                                <line number="109" hits="1" branch="false"/>
                                <line number="112" hits="0" branch="false"/>
                                <line number="117" hits="1" branch="true"/>
                                <line number="114" hits="0" branch="false"/>
                            </lines>
                        </method>
                        <method 
                        name="chess.model/CastlingRights/disableBlack" signature="()V" line-rate="1.00" branch-rate="1.00" complexity="0">
                            <lines>
                                <line number="103" hits="1" branch="false"/>
                            </lines>
</method>
                        <method 
                        name="chess.model/CastlingRights/disableWhite" signature="()V" line-rate="1.00" branch-rate="1.00" complexity="0">
                            <lines>
                                <line number="102" hits="1" branch="false"/>
                            </lines>
</method>
                        <method 
                        name="chess.model/CastlingRights/disableWhiteKingSide" signature="()V" line-rate="1.00" branch-rate="1.00" complexity="0">
                            <lines>
                                <line number="104" hits="1" branch="false"/>
                            </lines>
</method>
                        <method 
                        name="chess.model/CastlingRights/disableBlackQueenSide" signature="()V" line-rate="1.00" branch-rate="1.00" complexity="0">
                            <lines>
                                <line number="107" hits="1" branch="false"/>
                            </lines>
</method>
                    </methods>
                    <lines>
                        <line number="107" hits="1" branch="false"/>
                        <line number="117" hits="1" branch="false"/>
                        <line number="111" hits="0" branch="false"/>
                        <line number="111" hits="0" branch="false"/>
                        <line number="117" hits="1" branch="true"/>
                        <line number="103" hits="1" branch="false"/>
                        <line number="113" hits="0" branch="false"/>
                        <line number="116" hits="1" branch="false"/>
                        <line number="106" hits="1" branch="false"/>
                        <line number="105" hits="1" branch="false"/>
                        <line number="115" hits="0" branch="false"/>
                        <line number="111" hits="1" branch="false"/>
                        <line number="117" hits="1" branch="false"/>
                        <line number="109" hits="1" branch="false"/>
                        <line number="102" hits="1" branch="false"/>
                        <line number="112" hits="0" branch="false"/>
                        <line number="117" hits="1" branch="true"/>
                        <line number="104" hits="1" branch="false"/>
                        <line number="114" hits="0" branch="false"/>
                    </lines>
</class>
                <class 
                name="chess.model.GameState" filename="chess\model\Board.scala" line-rate="0.80" branch-rate="1.00" complexity="0">
                    <methods>
                        <method name="chess.model/GameState/toFen" signature="()V" line-rate="0.86" branch-rate="1.00" complexity="0">
                            <lines>
                                <line number="122" hits="1" branch="false"/>
                                <line number="123" hits="0" branch="false"/>
                                <line number="124" hits="1" branch="false"/>
                                <line number="124" hits="1" branch="false"/>
                                <line number="123" hits="1" branch="false"/>
                                <line number="124" hits="1" branch="false"/>
                                <line number="124" hits="1" branch="false"/>
                            </lines>
                        </method>
                        <method name="chess.model/GameState/withHistory" signature="()V" line-rate="1.00" branch-rate="1.00" complexity="0">
                            <lines>
                                <line number="120" hits="1" branch="false"/>
                                <line number="120" hits="1" branch="false"/>
                            </lines>
                        </method>
                        <method name="chess.model/GameState/$anonfun" signature="()V" line-rate="0.00" branch-rate="0.00" complexity="0">
                            <lines>
                                <line number="123" hits="0" branch="false"/>
                            </lines>
                        </method>
                    </methods>
                    <lines>
                        <line number="122" hits="1" branch="false"/>
                        <line number="123" hits="0" branch="false"/>
                        <line number="124" hits="1" branch="false"/>
                        <line number="120" hits="1" branch="false"/>
                        <line number="124" hits="1" branch="false"/>
                        <line number="123" hits="1" branch="false"/>
                        <line number="124" hits="1" branch="false"/>
                        <line number="123" hits="0" branch="false"/>
                        <line number="124" hits="1" branch="false"/>
                        <line number="120" hits="1" branch="false"/>
                    </lines>
</class>
                <class name="chess.model.Pos" filename="chess\model\Types.scala" line-rate="1.00" branch-rate="1.00" complexity="0">
                    <methods>
                        <method name="chess.model/Pos/toAlgebraic" signature="()V" line-rate="1.00" branch-rate="1.00" complexity="0">
                            <lines>
                                <line number="74" hits="1" branch="false"/>
                                <line number="74" hits="1" branch="false"/>
                            </lines>
                        </method>
                        <method name="chess.model/Pos/+" signature="()V" line-rate="1.00" branch-rate="1.00" complexity="0">
                            <lines>
                                <line number="71" hits="1" branch="false"/>
                            </lines>
                        </method>
                        <method name="chess.model/Pos/isValid" signature="()V" line-rate="1.00" branch-rate="1.00" complexity="0">
                            <lines>
                                <line number="69" hits="1" branch="false"/>
                            </lines>
                        </method>
                    </methods>
                    <lines>
                        <line number="74" hits="1" branch="false"/>
                        <line number="74" hits="1" branch="false"/>
                        <line number="71" hits="1" branch="false"/>
                        <line number="69" hits="1" branch="false"/>
                    </lines>
                </class>
                <class 
                name="chess.model.MoveGenerator$" filename="chess\model\MoveGenerator.scala" line-rate="0.81" branch-rate="0.91" complexity="0">
                    <methods>
                        <method 
                        name="chess.model/MoveGenerator$/&lt;init&gt;" signature="()V" line-rate="0.60" branch-rate="1.00" complexity="0">
                            <lines>
                                <line number="39" hits="1" branch="false"/>
                                <line number="37" hits="0" branch="false"/>
                                <line number="38" hits="0" branch="false"/>
                                <line number="37" hits="1" branch="false"/>
                                <line number="38" hits="1" branch="false"/>
                            </lines>
</method>
                        <method name="chess.model/MoveGenerator$/kingMoves" signature="()V" line-rate="1.00" branch-rate="1.00" complexity="0">
                            <lines>
                                <line number="106" hits="1" branch="false"/>
                                <line number="102" hits="1" branch="false"/>
                                <line number="101" hits="1" branch="false"/>
                                <line number="106" hits="1" branch="false"/>
                            </lines>
                        </method>
                        <method 
                        name="chess.model/MoveGenerator$/legalMovesFrom" signature="()V" line-rate="1.00" branch-rate="1.00" complexity="0">
                            <lines>
                                <line number="13" hits="1" branch="false"/>
                                <line number="14" hits="1" branch="false"/>
                                <line number="14" hits="1" branch="false"/>
                            </lines>
</method>
                        <method 
                        name="chess.model/MoveGenerator$/withPromotion" signature="()V" line-rate="0.67" branch-rate="1.00" complexity="0">
                            <lines>
                                <line number="52" hits="1" branch="true"/>
                                <line number="51" hits="0" branch="false"/>
                                <line number="54" hits="0" branch="false"/>
                                <line number="49" hits="1" branch="false"/>
                                <line number="51" hits="0" branch="false"/>
                                <line number="54" hits="1" branch="false"/>
                                <line number="54" hits="1" branch="true"/>
                                <line number="54" hits="1" branch="false"/>
                                <line number="52" hits="1" branch="false"/>
                            </lines>
</method>
                        <method 
                        name="chess.model/MoveGenerator$/leavesKingInCheck" signature="()V" line-rate="0.86" branch-rate="1.00" complexity="0">
                            <lines>
                                <line number="194" hits="0" branch="false"/>
                                <line number="195" hits="1" branch="false"/>
                                <line number="193" hits="1" branch="false"/>
                                <line number="195" hits="1" branch="false"/>
                                <line number="191" hits="1" branch="false"/>
                                <line number="192" hits="1" branch="false"/>
                                <line number="195" hits="1" branch="false"/>
                            </lines>
</method>
                        <method name="chess.model/MoveGenerator$/isInCheck" signature="()V" line-rate="1.00" branch-rate="1.00" complexity="0">
                            <lines>
                                <line number="18" hits="1" branch="false"/>
                                <line number="20" hits="1" branch="false"/>
                                <line number="20" hits="1" branch="false"/>
                                <line number="17" hits="1" branch="false"/>
                                <line number="19" hits="1" branch="false"/>
                                <line number="20" hits="1" branch="false"/>
                            </lines>
                        </method>
                        <method 
                        name="chess.model/MoveGenerator$/knightMoves" signature="()V" line-rate="0.75" branch-rate="1.00" complexity="0">
                            <lines>
                                <line number="78" hits="1" branch="false"/>
                                <line number="80" hits="1" branch="false"/>
                                <line number="79" hits="0" branch="false"/>
                                <line number="79" hits="1" branch="false"/>
                            </lines>
</method>
                        <method 
                        name="chess.model/MoveGenerator$/applyMoveToBoard" signature="()V" line-rate="0.92" branch-rate="0.92" complexity="0">
                            <lines>
                                <line number="206" hits="1" branch="true"/>
                                <line number="217" hits="1" branch="true"/>
                                <line number="227" hits="1" branch="false"/>
                                <line number="207" hits="1" branch="false"/>
                                <line number="215" hits="1" branch="true"/>
                                <line number="201" hits="0" branch="false"/>
                                <line number="214" hits="1" branch="false"/>
                                <line number="220" hits="1" branch="true"/>
                                <line number="213" hits="1" branch="true"/>
                                <line number="208" hits="1" branch="true"/>
                                <line number="225" hits="1" branch="false"/>
                                <line number="205" hits="1" branch="false"/>
                                <line number="216" hits="1" branch="true"/>
                                <line number="207" hits="1" branch="false"/>
                                <line number="218" hits="1" branch="false"/>
                                <line number="198" hits="1" branch="false"/>
                                <line number="200" hits="1" branch="false"/>
                                <line number="227" hits="1" branch="false"/>
                                <line number="206" hits="1" branch="true"/>
                                <line number="219" hits="1" branch="true"/>
                                <line number="216" hits="1" branch="true"/>
                                <line number="224" hits="1" branch="false"/>
                                <line number="202" hits="1" branch="false"/>
                                <line number="206" hits="0" branch="true"/>
                                <line number="217" hits="1" branch="true"/>
                            </lines>
</method>
                        <method 
                        name="chess.model/MoveGenerator$/legalMoves" signature="()V" line-rate="1.00" branch-rate="1.00" complexity="0">
                            <lines>
                                <line number="10" hits="1" branch="false"/>
                                <line number="10" hits="1" branch="false"/>
                                <line number="9" hits="1" branch="false"/>
                            </lines>
</method>
                        <method 
                        name="chess.model/MoveGenerator$/slidingAttack" signature="()V" line-rate="1.00" branch-rate="1.00" complexity="0">
                            <lines>
                                <line number="171" hits="1" branch="false"/>
                                <line number="170" hits="1" branch="false"/>
                            </lines>
</method>
                        <method 
                        name="chess.model/MoveGenerator$/slidingMoves" signature="()V" line-rate="1.00" branch-rate="1.00" complexity="0">
                            <lines>
                                <line number="85" hits="1" branch="false"/>
                                <line number="88" hits="1" branch="false"/>
                            </lines>
</method>
                        <method 
                        name="chess.model/MoveGenerator$/pseudoLegalMoves" signature="()V" line-rate="0.67" branch-rate="1.00" complexity="0">
                            <lines>
                                <line number="25" hits="0" branch="false"/>
                                <line number="24" hits="1" branch="false"/>
                                <line number="25" hits="1" branch="false"/>
                            </lines>
</method>
                        <method name="chess.model/MoveGenerator$/pawnMoves" signature="()V" line-rate="0.86" branch-rate="1.00" complexity="0">
                            <lines>
                                <line number="58" hits="1" branch="false"/>
                                <line number="64" hits="1" branch="false"/>
                                <line number="44" hits="1" branch="true"/>
                                <line number="64" hits="0" branch="false"/>
                                <line number="58" hits="1" branch="false"/>
                                <line number="43" hits="1" branch="false"/>
                                <line number="58" hits="1" branch="false"/>
                                <line number="45" hits="1" branch="true"/>
                                <line number="65" hits="1" branch="false"/>
                                <line number="63" hits="1" branch="false"/>
                                <line number="68" hits="0" branch="false"/>
                                <line number="46" hits="1" branch="true"/>
                                <line number="61" hits="1" branch="false"/>
                                <line number="68" hits="1" branch="false"/>
                                <line number="58" hits="1" branch="false"/>
                                <line number="76" hits="0" branch="false"/>
                                <line number="64" hits="1" branch="false"/>
                                <line number="64" hits="1" branch="true"/>
                                <line number="44" hits="1" branch="true"/>
                                <line number="58" hits="1" branch="true"/>
                                <line number="46" hits="1" branch="true"/>
                                <line number="58" hits="1" branch="true"/>
                                <line number="45" hits="1" branch="true"/>
                                <line number="65" hits="1" branch="true"/>
                                <line number="76" hits="1" branch="false"/>
                                <line number="57" hits="1" branch="false"/>
                                <line number="63" hits="1" branch="false"/>
                                <line number="68" hits="0" branch="false"/>
                            </lines>
                        </method>
                        <method 
                        name="chess.model/MoveGenerator$/isAttackedBy" signature="()V" line-rate="0.80" branch-rate="1.00" complexity="0">
                            <lines>
                                <line number="185" hits="1" branch="false"/>
                                <line number="186" hits="1" branch="false"/>
                                <line number="161" hits="1" branch="true"/>
                                <line number="151" hits="1" branch="true"/>
                                <line number="158" hits="1" branch="false"/>
                                <line number="147" hits="1" branch="false"/>
                                <line number="152" hits="1" branch="false"/>
                                <line number="152" hits="1" branch="false"/>
                                <line number="158" hits="0" branch="false"/>
                                <line number="167" hits="1" branch="true"/>
                                <line number="185" hits="0" branch="false"/>
                                <line number="186" hits="0" branch="false"/>
                                <line number="148" hits="1" branch="false"/>
                                <line number="155" hits="1" branch="true"/>
                                <line number="186" hits="1" branch="false"/>
                                <line number="164" hits="1" branch="false"/>
                                <line number="151" hits="1" branch="true"/>
                                <line number="158" hits="1" branch="false"/>
                                <line number="152" hits="0" branch="false"/>
                                <line number="185" hits="1" branch="false"/>
                            </lines>
</method>
                        <method 
                        name="chess.model/MoveGenerator$/castlingMoves" signature="()V" line-rate="0.50" branch-rate="0.43" complexity="0">
                            <lines>
                                <line number="141" hits="0" branch="true"/>
                                <line number="139" hits="0" branch="false"/>
                                <line number="113" hits="1" branch="true"/>
                                <line number="140" hits="0" branch="true"/>
                                <line number="116" hits="1" branch="false"/>
                                <line number="141" hits="0" branch="true"/>
                                <line number="116" hits="1" branch="false"/>
                                <line number="116" hits="1" branch="true"/>
                                <line number="139" hits="0" branch="false"/>
                                <line number="140" hits="0" branch="true"/>
                                <line number="140" hits="0" branch="false"/>
                                <line number="141" hits="0" branch="false"/>
                                <line number="113" hits="1" branch="true"/>
                                <line number="110" hits="1" branch="false"/>
                                <line number="139" hits="1" branch="false"/>
                                <line number="116" hits="1" branch="false"/>
                            </lines>
</method>
                        <method name="chess.model/MoveGenerator$/canCastle" signature="()V" line-rate="0.86" branch-rate="1.00" complexity="0">
                            <lines>
                                <line number="131" hits="1" branch="false"/>
                                <line number="118" hits="1" branch="false"/>
                                <line number="122" hits="1" branch="true"/>
                                <line number="126" hits="0" branch="false"/>
                                <line number="135" hits="1" branch="true"/>
                                <line number="125" hits="1" branch="false"/>
                                <line number="135" hits="1" branch="true"/>
                                <line number="129" hits="0" branch="false"/>
                                <line number="126" hits="1" branch="false"/>
                                <line number="124" hits="1" branch="true"/>
                                <line number="125" hits="1" branch="true"/>
                                <line number="126" hits="1" branch="false"/>
                                <line number="136" hits="1" branch="false"/>
                                <line number="125" hits="1" branch="false"/>
                                <line number="129" hits="1" branch="false"/>
                                <line number="125" hits="1" branch="false"/>
                                <line number="126" hits="1" branch="true"/>
                                <line number="135" hits="1" branch="true"/>
                                <line number="130" hits="1" branch="false"/>
                                <line number="125" hits="0" branch="false"/>
                                <line number="137" hits="1" branch="true"/>
                                <line number="126" hits="1" branch="false"/>
                            </lines>
                        </method>
                        <method name="chess.model/MoveGenerator$/$anonfun" signature="()V" line-rate="0.80" branch-rate="1.00" complexity="0">
                            <lines>
                                <line number="27" hits="1" branch="false"/>
                                <line number="70" hits="1" branch="false"/>
                                <line number="31" hits="1" branch="false"/>
                                <line number="173" hits="0" branch="false"/>
                                <line number="179" hits="1" branch="false"/>
                                <line number="153" hits="0" branch="false"/>
                                <line number="173" hits="0" branch="false"/>
                                <line number="82" hits="1" branch="false"/>
                                <line number="90" hits="0" branch="false"/>
                                <line number="165" hits="0" branch="false"/>
                                <line number="94" hits="1" branch="true"/>
                                <line number="177" hits="1" branch="true"/>
                                <line number="95" hits="1" branch="false"/>
                                <line number="176" hits="1" branch="true"/>
                                <line number="159" hits="1" branch="false"/>
                                <line number="70" hits="1" branch="false"/>
                                <line number="72" hits="0" branch="false"/>
                                <line number="95" hits="1" branch="false"/>
                                <line number="92" hits="1" branch="false"/>
                                <line number="28" hits="1" branch="false"/>
                                <line number="32" hits="1" branch="false"/>
                                <line number="91" hits="0" branch="false"/>
                                <line number="93" hits="1" branch="true"/>
                                <line number="96" hits="1" branch="false"/>
                                <line number="104" hits="1" branch="false"/>
                                <line number="71" hits="1" branch="false"/>
                                <line number="73" hits="1" branch="false"/>
                                <line number="29" hits="1" branch="false"/>
                                <line number="71" hits="1" branch="true"/>
                                <line number="71" hits="1" branch="true"/>
                                <line number="25" hits="1" branch="false"/>
                                <line number="31" hits="1" branch="false"/>
                                <line number="175" hits="1" branch="false"/>
                                <line number="96" hits="1" branch="false"/>
                                <line number="153" hits="1" branch="false"/>
                                <line number="159" hits="0" branch="false"/>
                                <line number="174" hits="0" branch="false"/>
                                <line number="104" hits="1" branch="false"/>
                                <line number="178" hits="1" branch="false"/>
                                <line number="130" hits="1" branch="false"/>
                                <line number="165" hits="1" branch="false"/>
                                <line number="95" hits="1" branch="true"/>
                                <line number="89" hits="0" branch="false"/>
                                <line number="104" hits="1" branch="false"/>
                                <line number="173" hits="0" branch="false"/>
                                <line number="180" hits="1" branch="false"/>
                                <line number="72" hits="1" branch="true"/>
                                <line number="82" hits="1" branch="false"/>
                                <line number="71" hits="1" branch="false"/>
                                <line number="132" hits="1" branch="false"/>
                                <line number="94" hits="1" branch="true"/>
                                <line number="30" hits="1" branch="false"/>
                                <line number="91" hits="0" branch="false"/>
                                <line number="72" hits="1" branch="false"/>
                                <line number="95" hits="1" branch="false"/>
                                <line number="82" hits="1" branch="false"/>
                                <line number="69" hits="1" branch="false"/>
                                <line number="72" hits="1" branch="true"/>
                                <line number="70" hits="1" branch="true"/>
                                <line number="27" hits="1" branch="false"/>
                                <line number="32" hits="1" branch="false"/>
                                <line number="92" hits="1" branch="false"/>
                                <line number="92" hits="1" branch="false"/>
                                <line number="10" hits="1" branch="false"/>
                                <line number="179" hits="1" branch="false"/>
                                <line number="29" hits="1" branch="false"/>
                                <line number="172" hits="0" branch="false"/>
                                <line number="182" hits="1" branch="false"/>
                                <line number="165" hits="0" branch="false"/>
                                <line number="174" hits="0" branch="false"/>
                                <line number="175" hits="1" branch="false"/>
                                <line number="103" hits="1" branch="false"/>
                                <line number="95" hits="1" branch="true"/>
                                <line number="177" hits="1" branch="false"/>
                                <line number="72" hits="1" branch="false"/>
                                <line number="92" hits="1" branch="false"/>
                                <line number="159" hits="0" branch="false"/>
                                <line number="81" hits="1" branch="false"/>
                                <line number="153" hits="0" branch="false"/>
                                <line number="73" hits="1" branch="true"/>
                                <line number="104" hits="1" branch="false"/>
                                <line number="132" hits="1" branch="false"/>
                                <line number="94" hits="1" branch="false"/>
                                <line number="96" hits="1" branch="true"/>
                                <line number="28" hits="1" branch="false"/>
                                <line number="71" hits="1" branch="false"/>
                                <line number="90" hits="0" branch="false"/>
                                <line number="98" hits="1" branch="false"/>
                                <line number="82" hits="1" branch="false"/>
                                <line number="90" hits="0" branch="false"/>
                                <line number="72" hits="1" branch="false"/>
                                <line number="30" hits="1" branch="false"/>
                                <line number="95" hits="1" branch="false"/>
                            </lines>
                        </method>
                    </methods>
                    <lines>
                        <line number="52" hits="1" branch="true"/>
                        <line number="58" hits="1" branch="false"/>
                        <line number="64" hits="1" branch="false"/>
                        <line number="18" hits="1" branch="false"/>
                        <line number="27" hits="1" branch="false"/>
                        <line number="185" hits="1" branch="false"/>
                        <line number="194" hits="0" branch="false"/>
                        <line number="206" hits="1" branch="true"/>
                        <line number="70" hits="1" branch="false"/>
                        <line number="31" hits="1" branch="false"/>
                        <line number="44" hits="1" branch="true"/>
                        <line number="217" hits="1" branch="true"/>
                        <line number="227" hits="1" branch="false"/>
                        <line number="141" hits="0" branch="true"/>
                        <line number="207" hits="1" branch="false"/>
                        <line number="20" hits="1" branch="false"/>
                        <line number="195" hits="1" branch="false"/>
                        <line number="10" hits="1" branch="false"/>
                        <line number="215" hits="1" branch="true"/>
                        <line number="186" hits="1" branch="false"/>
                        <line number="173" hits="0" branch="false"/>
                        <line number="179" hits="1" branch="false"/>
                        <line number="131" hits="1" branch="false"/>
                        <line number="153" hits="0" branch="false"/>
                        <line number="161" hits="1" branch="true"/>
                        <line number="118" hits="1" branch="false"/>
                        <line number="201" hits="0" branch="false"/>
                        <line number="173" hits="0" branch="false"/>
                        <line number="82" hits="1" branch="false"/>
                        <line number="90" hits="0" branch="false"/>
                        <line number="151" hits="1" branch="true"/>
                        <line number="158" hits="1" branch="false"/>
                        <line number="165" hits="0" branch="false"/>
                        <line number="122" hits="1" branch="true"/>
                        <line number="139" hits="0" branch="false"/>
                        <line number="126" hits="0" branch="false"/>
                        <line number="94" hits="1" branch="true"/>
                        <line number="106" hits="1" branch="false"/>
                        <line number="177" hits="1" branch="true"/>
                        <line number="135" hits="1" branch="true"/>
                        <line number="214" hits="1" branch="false"/>
                        <line number="220" hits="1" branch="true"/>
                        <line number="95" hits="1" branch="false"/>
                        <line number="147" hits="1" branch="false"/>
                        <line number="64" hits="0" branch="false"/>
                        <line number="113" hits="1" branch="true"/>
                        <line number="125" hits="1" branch="false"/>
                        <line number="78" hits="1" branch="false"/>
                        <line number="171" hits="1" branch="false"/>
                        <line number="176" hits="1" branch="true"/>
                        <line number="152" hits="1" branch="false"/>
                        <line number="159" hits="1" branch="false"/>
                        <line number="70" hits="1" branch="false"/>
                        <line number="72" hits="0" branch="false"/>
                        <line number="58" hits="1" branch="false"/>
                        <line number="43" hits="1" branch="false"/>
                        <line number="135" hits="1" branch="true"/>
                        <line number="140" hits="0" branch="true"/>
                        <line number="39" hits="1" branch="false"/>
                        <line number="51" hits="0" branch="false"/>
                        <line number="95" hits="1" branch="false"/>
                        <line number="129" hits="0" branch="false"/>
                        <line number="102" hits="1" branch="false"/>
                        <line number="92" hits="1" branch="false"/>
                        <line number="20" hits="1" branch="false"/>
                        <line number="54" hits="0" branch="false"/>
                        <line number="28" hits="1" branch="false"/>
                        <line number="32" hits="1" branch="false"/>
                        <line number="80" hits="1" branch="false"/>
                        <line number="91" hits="0" branch="false"/>
                        <line number="93" hits="1" branch="true"/>
                        <line number="96" hits="1" branch="false"/>
                        <line number="104" hits="1" branch="false"/>
                        <line number="10" hits="1" branch="false"/>
                        <line number="71" hits="1" branch="false"/>
                        <line number="73" hits="1" branch="false"/>
                        <line number="58" hits="1" branch="false"/>
                        <line number="45" hits="1" branch="true"/>
                        <line number="65" hits="1" branch="false"/>
                        <line number="116" hits="1" branch="false"/>
                        <line number="126" hits="1" branch="false"/>
                        <line number="63" hits="1" branch="false"/>
                        <line number="68" hits="0" branch="false"/>
                        <line number="37" hits="0" branch="false"/>
                        <line number="46" hits="1" branch="true"/>
                        <line number="17" hits="1" branch="false"/>
                        <line number="49" hits="1" branch="false"/>
                        <line number="29" hits="1" branch="false"/>
                        <line number="213" hits="1" branch="true"/>
                        <line number="208" hits="1" branch="true"/>
                        <line number="9" hits="1" branch="false"/>
                        <line number="71" hits="1" branch="true"/>
                        <line number="71" hits="1" branch="true"/>
                        <line number="13" hits="1" branch="false"/>
                        <line number="152" hits="1" branch="false"/>
                        <line number="193" hits="1" branch="false"/>
                        <line number="225" hits="1" branch="false"/>
                        <line number="25" hits="1" branch="false"/>
                        <line number="31" hits="1" branch="false"/>
                        <line number="205" hits="1" branch="false"/>
                        <line number="175" hits="1" branch="false"/>
                        <line number="170" hits="1" branch="false"/>
                        <line number="216" hits="1" branch="true"/>
                        <line number="158" hits="0" branch="false"/>
                        <line number="167" hits="1" branch="true"/>
                        <line number="207" hits="1" branch="false"/>
                        <line number="96" hits="1" branch="false"/>
                        <line number="153" hits="1" branch="false"/>
                        <line number="185" hits="0" branch="false"/>
                        <line number="159" hits="0" branch="false"/>
                        <line number="174" hits="0" branch="false"/>
                        <line number="141" hits="0" branch="true"/>
                        <line number="104" hits="1" branch="false"/>
                        <line number="116" hits="1" branch="false"/>
                        <line number="178" hits="1" branch="false"/>
                        <line number="124" hits="1" branch="true"/>
                        <line number="218" hits="1" branch="false"/>
                        <line number="198" hits="1" branch="false"/>
                        <line number="125" hits="1" branch="true"/>
                        <line number="130" hits="1" branch="false"/>
                        <line number="195" hits="1" branch="false"/>
                        <line number="165" hits="1" branch="false"/>
[...]
            <classes>
                <class 
                name="chess.view.TerminalView$" filename="chess\view\TerminalView.scala" line-rate="0.92" branch-rate="0.83" complexity="0">
                    <methods>
                        <method name="chess.view/TerminalView$/$anonfun" signature="()V" line-rate="0.89" branch-rate="0.92" complexity="0">
                            <lines>
                                <line number="84" hits="1" branch="true"/>
                                <line number="91" hits="1" branch="true"/>
                                <line number="93" hits="1" branch="false"/>
                                <line number="105" hits="1" branch="false"/>
                                <line number="88" hits="1" branch="false"/>
                                <line number="82" hits="1" branch="false"/>
                                <line number="94" hits="1" branch="false"/>
                                <line number="83" hits="0" branch="true"/>
                                <line number="90" hits="1" branch="false"/>
                                <line number="69" hits="1" branch="false"/>
                                <line number="76" hits="1" branch="false"/>
                                <line number="94" hits="1" branch="false"/>
                                <line number="99" hits="1" branch="false"/>
                                <line number="85" hits="1" branch="true"/>
                                <line number="91" hits="1" branch="false"/>
                                <line number="74" hits="0" branch="false"/>
                                <line number="59" hits="0" branch="false"/>
                                <line number="105" hits="1" branch="false"/>
                                <line number="82" hits="1" branch="true"/>
                                <line number="93" hits="1" branch="true"/>
                                <line number="81" hits="1" branch="true"/>
                                <line number="90" hits="1" branch="false"/>
                                <line number="67" hits="1" branch="false"/>
                                <line number="83" hits="1" branch="false"/>
                                <line number="67" hits="1" branch="false"/>
                                <line number="89" hits="1" branch="false"/>
                                <line number="93" hits="1" branch="true"/>
                                <line number="82" hits="1" branch="true"/>
                                <line number="96" hits="1" branch="false"/>
                                <line number="59" hits="0" branch="false"/>
                                <line number="90" hits="1" branch="true"/>
                                <line number="74" hits="1" branch="false"/>
                                <line number="84" hits="1" branch="true"/>
                                <line number="92" hits="1" branch="false"/>
                                <line number="77" hits="1" branch="false"/>
                                <line number="83" hits="1" branch="true"/>
                            </lines>
                        </method>
                        <method name="chess.view/TerminalView$/board" signature="()V" line-rate="0.95" branch-rate="1.00" complexity="0">
                            <lines>
                                <line number="103" hits="1" branch="false"/>
                                <line number="66" hits="1" branch="false"/>
                                <line number="62" hits="1" branch="false"/>
                                <line number="51" hits="1" branch="false"/>
                                <line number="59" hits="0" branch="false"/>
                                <line number="62" hits="1" branch="true"/>
                                <line number="59" hits="1" branch="false"/>
                                <line number="62" hits="1" branch="false"/>
                                <line number="108" hits="1" branch="false"/>
                                <line number="62" hits="1" branch="false"/>
                                <line number="62" hits="1" branch="false"/>
                                <line number="64" hits="1" branch="false"/>
                                <line number="62" hits="1" branch="false"/>
                                <line number="59" hits="1" branch="false"/>
                                <line number="62" hits="1" branch="false"/>
                                <line number="107" hits="1" branch="false"/>
                                <line number="62" hits="1" branch="false"/>
                                <line number="62" hits="1" branch="true"/>
                                <line number="104" hits="1" branch="false"/>
                                <line number="59" hits="1" branch="false"/>
                            </lines>
                        </method>
                        <method name="chess.view/TerminalView$/header" signature="()V" line-rate="1.00" branch-rate="1.00" complexity="0">
                            <lines>
                                <line number="39" hits="1" branch="false"/>
                                <line number="49" hits="1" branch="false"/>
                                <line number="44" hits="1" branch="false"/>
                                <line number="45" hits="1" branch="false"/>
                                <line number="45" hits="1" branch="false"/>
                                <line number="48" hits="1" branch="false"/>
                                <line number="44" hits="1" branch="false"/>
                                <line number="46" hits="1" branch="false"/>
                            </lines>
                        </method>
                        <method 
                        name="chess.view/TerminalView$/render$default$5" signature="()V" line-rate="1.00" branch-rate="1.00" complexity="0">
                            <lines>
                                <line number="30" hits="1" branch="false"/>
                            </lines>
</method>
                        <method name="chess.view/TerminalView$/success" signature="()V" line-rate="1.00" branch-rate="1.00" complexity="0">
                            <lines>
                                <line number="157" hits="1" branch="false"/>
                                <line number="157" hits="1" branch="false"/>
                            </lines>
                        </method>
                        <method name="chess.view/TerminalView$/footer" signature="()V" line-rate="0.83" branch-rate="0.50" complexity="0">
                            <lines>
                                <line number="113" hits="1" branch="false"/>
                                <line number="130" hits="1" branch="false"/>
                                <line number="122" hits="1" branch="false"/>
                                <line number="117" hits="1" branch="false"/>
                                <line number="125" hits="0" branch="true"/>
                                <line number="110" hits="1" branch="false"/>
                                <line number="127" hits="1" branch="false"/>
                                <line number="120" hits="1" branch="true"/>
                                <line number="120" hits="1" branch="false"/>
                                <line number="126" hits="1" branch="true"/>
                                <line number="112" hits="1" branch="false"/>
                                <line number="129" hits="1" branch="false"/>
                                <line number="121" hits="0" branch="true"/>
                                <line number="125" hits="0" branch="false"/>
                                <line number="133" hits="1" branch="false"/>
                                <line number="116" hits="1" branch="false"/>
                                <line number="123" hits="1" branch="false"/>
                                <line number="131" hits="1" branch="false"/>
                                <line number="118" hits="1" branch="false"/>
                                <line number="126" hits="1" branch="false"/>
                                <line number="112" hits="1" branch="false"/>
                                <line number="121" hits="0" branch="false"/>
                                <line number="128" hits="1" branch="false"/>
                                <line number="113" hits="1" branch="false"/>
                            </lines>
                        </method>
                        <method name="chess.view/TerminalView$/info" signature="()V" line-rate="1.00" branch-rate="1.00" complexity="0">
                            <lines>
                                <line number="158" hits="1" branch="false"/>
                                <line number="158" hits="1" branch="false"/>
                            </lines>
                        </method>
                        <method name="chess.view/TerminalView$/render" signature="()V" line-rate="1.00" branch-rate="1.00" complexity="0">
                            <lines>
                                <line number="35" hits="1" branch="false"/>
                                <line number="34" hits="1" branch="false"/>
                                <line number="36" hits="1" branch="false"/>
                                <line number="25" hits="1" branch="false"/>
                                <line number="32" hits="1" branch="false"/>
                                <line number="37" hits="1" branch="false"/>
                                <line number="33" hits="1" branch="false"/>
                                <line number="35" hits="1" branch="false"/>
                                <line number="36" hits="1" branch="false"/>
                                <line number="33" hits="1" branch="false"/>
                            </lines>
                        </method>
                        <method name="chess.view/TerminalView$/error" signature="()V" line-rate="1.00" branch-rate="1.00" complexity="0">
                            <lines>
                                <line number="156" hits="1" branch="false"/>
                                <line number="156" hits="1" branch="false"/>
                            </lines>
                        </method>
                        <method name="chess.view/TerminalView$/clear" signature="()V" line-rate="1.00" branch-rate="1.00" complexity="0">
                            <lines>
                                <line number="162" hits="1" branch="false"/>
                                <line number="162" hits="1" branch="false"/>
                            </lines>
                        </method>
                        <method 
                        name="chess.view/TerminalView$/&lt;init&gt;" signature="()V" line-rate="1.00" branch-rate="1.00" complexity="0">
                            <lines>
                                <line number="160" hits="1" branch="false"/>
                                <line number="138" hits="1" branch="false"/>
                            </lines>
</method>
                        <method 
                        name="chess.view/TerminalView$/render$default$3" signature="()V" line-rate="1.00" branch-rate="1.00" complexity="0">
                            <lines>
                                <line number="28" hits="1" branch="false"/>
                                <line number="28" hits="1" branch="false"/>
                                <line number="28" hits="1" branch="false"/>
                            </lines>
</method>
                        <method 
                        name="chess.view/TerminalView$/render$default$4" signature="()V" line-rate="1.00" branch-rate="1.00" complexity="0">
                            <lines>
                                <line number="29" hits="1" branch="false"/>
                            </lines>
</method>
                    </methods>
                    <lines>
                        <line number="39" hits="1" branch="false"/>
                        <line number="35" hits="1" branch="false"/>
                        <line number="29" hits="1" branch="false"/>
                        <line number="103" hits="1" branch="false"/>
                        <line number="113" hits="1" branch="false"/>
                        <line number="158" hits="1" branch="false"/>
                        <line number="130" hits="1" branch="false"/>
                        <line number="84" hits="1" branch="true"/>
                        <line number="91" hits="1" branch="true"/>
                        <line number="122" hits="1" branch="false"/>
                        <line number="66" hits="1" branch="false"/>
                        <line number="93" hits="1" branch="false"/>
                        <line number="105" hits="1" branch="false"/>
                        <line number="88" hits="1" branch="false"/>
                        <line number="62" hits="1" branch="false"/>
                        <line number="162" hits="1" branch="false"/>
                        <line number="34" hits="1" branch="false"/>
                        <line number="28" hits="1" branch="false"/>
                        <line number="117" hits="1" branch="false"/>
                        <line number="49" hits="1" branch="false"/>
                        <line number="125" hits="0" branch="true"/>
                        <line number="110" hits="1" branch="false"/>
                        <line number="82" hits="1" branch="false"/>
                        <line number="94" hits="1" branch="false"/>
                        <line number="51" hits="1" branch="false"/>
                        <line number="59" hits="0" branch="false"/>
                        <line number="156" hits="1" branch="false"/>
                        <line number="127" hits="1" branch="false"/>
                        <line number="83" hits="0" branch="true"/>
                        <line number="90" hits="1" branch="false"/>
                        <line number="62" hits="1" branch="true"/>
                        <line number="36" hits="1" branch="false"/>
                        <line number="69" hits="1" branch="false"/>
                        <line number="44" hits="1" branch="false"/>
                        <line number="120" hits="1" branch="true"/>
                        <line number="59" hits="1" branch="false"/>
                        <line number="62" hits="1" branch="false"/>
                        <line number="25" hits="1" branch="false"/>
                        <line number="45" hits="1" branch="false"/>
                        <line number="32" hits="1" branch="false"/>
                        <line number="76" hits="1" branch="false"/>
                        <line number="108" hits="1" branch="false"/>
                        <line number="120" hits="1" branch="false"/>
                        <line number="94" hits="1" branch="false"/>
                        <line number="156" hits="1" branch="false"/>
                        <line number="126" hits="1" branch="true"/>
                        <line number="99" hits="1" branch="false"/>
                        <line number="157" hits="1" branch="false"/>
                        <line number="112" hits="1" branch="false"/>
                        <line number="85" hits="1" branch="true"/>
                        <line number="91" hits="1" branch="false"/>
                        <line number="62" hits="1" branch="false"/>
                        <line number="74" hits="0" branch="false"/>
                        <line number="45" hits="1" branch="false"/>
                        <line number="59" hits="0" branch="false"/>
                        <line number="129" hits="1" branch="false"/>
                        <line number="37" hits="1" branch="false"/>
                        <line number="121" hits="0" branch="true"/>
                        <line number="33" hits="1" branch="false"/>
                        <line number="105" hits="1" branch="false"/>
                        <line number="48" hits="1" branch="false"/>
                        <line number="125" hits="0" branch="false"/>
                        <line number="133" hits="1" branch="false"/>
                        <line number="160" hits="1" branch="false"/>
                        <line number="116" hits="1" branch="false"/>
                        <line number="82" hits="1" branch="true"/>
                        <line number="93" hits="1" branch="true"/>
                        <line number="62" hits="1" branch="false"/>
                        <line number="64" hits="1" branch="false"/>
                        <line number="28" hits="1" branch="false"/>
                        <line number="81" hits="1" branch="true"/>
                        <line number="90" hits="1" branch="false"/>
                        <line number="62" hits="1" branch="false"/>
                        <line number="67" hits="1" branch="false"/>
                        <line number="30" hits="1" branch="false"/>
                        <line number="59" hits="1" branch="false"/>
                        <line number="35" hits="1" branch="false"/>
                        <line number="83" hits="1" branch="false"/>
                        <line number="158" hits="1" branch="false"/>
                        <line number="123" hits="1" branch="false"/>
                        <line number="131" hits="1" branch="false"/>
                        <line number="67" hits="1" branch="false"/>
                        <line number="62" hits="1" branch="false"/>
                        <line number="138" hits="1" branch="false"/>
                        <line number="162" hits="1" branch="false"/>
                        <line number="118" hits="1" branch="false"/>
                        <line number="89" hits="1" branch="false"/>
                        <line number="126" hits="1" branch="false"/>
                        <line number="93" hits="1" branch="true"/>
                        <line number="107" hits="1" branch="false"/>
                        <line number="82" hits="1" branch="true"/>
                        <line number="62" hits="1" branch="false"/>
                        <line number="96" hits="1" branch="false"/>
                        <line number="44" hits="1" branch="false"/>
                        <line number="59" hits="0" branch="false"/>
                        <line number="157" hits="1" branch="false"/>
                        <line number="36" hits="1" branch="false"/>
                        <line number="112" hits="1" branch="false"/>
                        <line number="121" hits="0" branch="false"/>
                        <line number="90" hits="1" branch="true"/>
                        <line number="128" hits="1" branch="false"/>
                        <line number="74" hits="1" branch="false"/>
                        <line number="84" hits="1" branch="true"/>
                        <line number="92" hits="1" branch="false"/>
                        <line number="62" hits="1" branch="true"/>
                        <line number="104" hits="1" branch="false"/>
                        <line number="46" hits="1" branch="false"/>
                        <line number="59" hits="1" branch="false"/>
                        <line number="77" hits="1" branch="false"/>
                        <line number="83" hits="1" branch="true"/>
                        <line number="33" hits="1" branch="false"/>
                        <line number="28" hits="1" branch="false"/>
                        <line number="113" hits="1" branch="false"/>
                    </lines>
</class>
            </classes>
        </package>
    </packages>
</coverage>
